<?xml version="1.0" encoding="UTF-8"?>
<testsuite name="AppTest" tests="5" skipped="0" failures="2" errors="0" timestamp="2016-05-06T17:05:49" hostname="Justins-MacBook-Pro.local" time="2.43">
  <properties/>
  <testcase name="stylistClientFormIsDisplayed" classname="AppTest" time="1.345">
    <failure message="org.openqa.selenium.StaleElementReferenceException: Element appears to be stale. Did you navigate away from the page that contained it?  And is the current window focussed the same as the one holding this element?&#10;For documentation on this error, please visit: http://seleniumhq.org/exceptions/stale_element_reference.html&#10;Build info: version: '2.44.0', revision: '76d78cf323ce037c5f92db6c1bba601c2ac43ad8', time: '2014-10-23 13:11:40'&#10;System info: host: 'Justins-MacBook-Pro.local', ip: '10.46.15.84', os.name: 'Mac OS X', os.arch: 'x86_64', os.version: '10.11.4', java.version: '1.8.0_77'&#10;Driver info: driver.version: HtmlUnitDriver" type="org.openqa.selenium.StaleElementReferenceException">org.openqa.selenium.StaleElementReferenceException: Element appears to be stale. Did you navigate away from the page that contained it?  And is the current window focussed the same as the one holding this element?
For documentation on this error, please visit: http://seleniumhq.org/exceptions/stale_element_reference.html
Build info: version: '2.44.0', revision: '76d78cf323ce037c5f92db6c1bba601c2ac43ad8', time: '2014-10-23 13:11:40'
System info: host: 'Justins-MacBook-Pro.local', ip: '10.46.15.84', os.name: 'Mac OS X', os.arch: 'x86_64', os.version: '10.11.4', java.version: '1.8.0_77'
Driver info: driver.version: HtmlUnitDriver
	at org.openqa.selenium.htmlunit.HtmlUnitDriver.assertElementNotStale(HtmlUnitDriver.java:738)
	at org.openqa.selenium.htmlunit.HtmlUnitWebElement.assertElementNotStale(HtmlUnitWebElement.java:883)
	at org.openqa.selenium.htmlunit.HtmlUnitWebElement.isEnabled(HtmlUnitWebElement.java:490)
	at org.fluentlenium.core.domain.FluentWebElement.isEnabled(FluentWebElement.java:149)
	at org.fluentlenium.core.domain.FluentList.click(FluentList.java:61)
	at org.fluentlenium.core.Fluent.click(Fluent.java:442)
	at AppTest.stylistClientFormIsDisplayed(AppTest.java:56)
	at sun.reflect.NativeMethodAccessorImpl.invoke0(Native Method)
	at sun.reflect.NativeMethodAccessorImpl.invoke(NativeMethodAccessorImpl.java:62)
	at sun.reflect.DelegatingMethodAccessorImpl.invoke(DelegatingMethodAccessorImpl.java:43)
	at java.lang.reflect.Method.invoke(Method.java:498)
	at org.junit.runners.model.FrameworkMethod$1.runReflectiveCall(FrameworkMethod.java:50)
	at org.junit.internal.runners.model.ReflectiveCallable.run(ReflectiveCallable.java:12)
	at org.junit.runners.model.FrameworkMethod.invokeExplosively(FrameworkMethod.java:47)
	at org.junit.internal.runners.statements.InvokeMethod.evaluate(InvokeMethod.java:17)
	at org.junit.rules.TestWatcher$1.evaluate(TestWatcher.java:55)
	at org.junit.rules.TestWatcher$1.evaluate(TestWatcher.java:55)
	at org.junit.rules.RunRules.evaluate(RunRules.java:20)
	at org.junit.runners.ParentRunner.runLeaf(ParentRunner.java:325)
	at org.junit.runners.BlockJUnit4ClassRunner.runChild(BlockJUnit4ClassRunner.java:78)
	at org.junit.runners.BlockJUnit4ClassRunner.runChild(BlockJUnit4ClassRunner.java:57)
	at org.junit.runners.ParentRunner$3.run(ParentRunner.java:290)
	at org.junit.runners.ParentRunner$1.schedule(ParentRunner.java:71)
	at org.junit.runners.ParentRunner.runChildren(ParentRunner.java:288)
	at org.junit.runners.ParentRunner.access$000(ParentRunner.java:58)
	at org.junit.runners.ParentRunner$2.evaluate(ParentRunner.java:268)
	at org.junit.internal.runners.statements.RunAfters.evaluate(RunAfters.java:27)
	at org.junit.rules.ExternalResource$1.evaluate(ExternalResource.java:48)
	at org.junit.rules.RunRules.evaluate(RunRules.java:20)
	at org.junit.runners.ParentRunner.run(ParentRunner.java:363)
	at org.gradle.api.internal.tasks.testing.junit.JUnitTestClassExecuter.runTestClass(JUnitTestClassExecuter.java:112)
	at org.gradle.api.internal.tasks.testing.junit.JUnitTestClassExecuter.execute(JUnitTestClassExecuter.java:56)
	at org.gradle.api.internal.tasks.testing.junit.JUnitTestClassProcessor.processTestClass(JUnitTestClassProcessor.java:66)
	at org.gradle.api.internal.tasks.testing.SuiteTestClassProcessor.processTestClass(SuiteTestClassProcessor.java:51)
	at sun.reflect.NativeMethodAccessorImpl.invoke0(Native Method)
	at sun.reflect.NativeMethodAccessorImpl.invoke(NativeMethodAccessorImpl.java:62)
	at sun.reflect.DelegatingMethodAccessorImpl.invoke(DelegatingMethodAccessorImpl.java:43)
	at java.lang.reflect.Method.invoke(Method.java:498)
	at org.gradle.messaging.dispatch.ReflectionDispatch.dispatch(ReflectionDispatch.java:35)
	at org.gradle.messaging.dispatch.ReflectionDispatch.dispatch(ReflectionDispatch.java:24)
	at org.gradle.messaging.dispatch.ContextClassLoaderDispatch.dispatch(ContextClassLoaderDispatch.java:32)
	at org.gradle.messaging.dispatch.ProxyDispatchAdapter$DispatchingInvocationHandler.invoke(ProxyDispatchAdapter.java:93)
	at com.sun.proxy.$Proxy2.processTestClass(Unknown Source)
	at org.gradle.api.internal.tasks.testing.worker.TestWorker.processTestClass(TestWorker.java:109)
	at sun.reflect.NativeMethodAccessorImpl.invoke0(Native Method)
	at sun.reflect.NativeMethodAccessorImpl.invoke(NativeMethodAccessorImpl.java:62)
	at sun.reflect.DelegatingMethodAccessorImpl.invoke(DelegatingMethodAccessorImpl.java:43)
	at java.lang.reflect.Method.invoke(Method.java:498)
	at org.gradle.messaging.dispatch.ReflectionDispatch.dispatch(ReflectionDispatch.java:35)
	at org.gradle.messaging.dispatch.ReflectionDispatch.dispatch(ReflectionDispatch.java:24)
	at org.gradle.messaging.remote.internal.hub.MessageHub$Handler.run(MessageHub.java:360)
	at org.gradle.internal.concurrent.ExecutorPolicy$CatchAndRecordFailures.onExecute(ExecutorPolicy.java:54)
	at org.gradle.internal.concurrent.StoppableExecutorImpl$1.run(StoppableExecutorImpl.java:40)
	at java.util.concurrent.ThreadPoolExecutor.runWorker(ThreadPoolExecutor.java:1142)
	at java.util.concurrent.ThreadPoolExecutor$Worker.run(ThreadPoolExecutor.java:617)
	at java.lang.Thread.run(Thread.java:745)
</failure>
  </testcase>
  <testcase name="rootTest" classname="AppTest" time="0.058"/>
  <testcase name="clickingStylistDisplaysClients" classname="AppTest" time="0.477">
    <failure message="org.openqa.selenium.StaleElementReferenceException: Element appears to be stale. Did you navigate away from the page that contained it?  And is the current window focussed the same as the one holding this element?&#10;For documentation on this error, please visit: http://seleniumhq.org/exceptions/stale_element_reference.html&#10;Build info: version: '2.44.0', revision: '76d78cf323ce037c5f92db6c1bba601c2ac43ad8', time: '2014-10-23 13:11:40'&#10;System info: host: 'Justins-MacBook-Pro.local', ip: '10.46.15.84', os.name: 'Mac OS X', os.arch: 'x86_64', os.version: '10.11.4', java.version: '1.8.0_77'&#10;Driver info: driver.version: HtmlUnitDriver" type="org.openqa.selenium.StaleElementReferenceException">org.openqa.selenium.StaleElementReferenceException: Element appears to be stale. Did you navigate away from the page that contained it?  And is the current window focussed the same as the one holding this element?
For documentation on this error, please visit: http://seleniumhq.org/exceptions/stale_element_reference.html
Build info: version: '2.44.0', revision: '76d78cf323ce037c5f92db6c1bba601c2ac43ad8', time: '2014-10-23 13:11:40'
System info: host: 'Justins-MacBook-Pro.local', ip: '10.46.15.84', os.name: 'Mac OS X', os.arch: 'x86_64', os.version: '10.11.4', java.version: '1.8.0_77'
Driver info: driver.version: HtmlUnitDriver
	at org.openqa.selenium.htmlunit.HtmlUnitDriver.assertElementNotStale(HtmlUnitDriver.java:738)
	at org.openqa.selenium.htmlunit.HtmlUnitWebElement.assertElementNotStale(HtmlUnitWebElement.java:883)
	at org.openqa.selenium.htmlunit.HtmlUnitWebElement.isEnabled(HtmlUnitWebElement.java:490)
	at org.fluentlenium.core.domain.FluentWebElement.isEnabled(FluentWebElement.java:149)
	at org.fluentlenium.core.domain.FluentList.click(FluentList.java:61)
	at org.fluentlenium.core.Fluent.click(Fluent.java:442)
	at AppTest.clickingStylistDisplaysClients(AppTest.java:67)
	at sun.reflect.NativeMethodAccessorImpl.invoke0(Native Method)
	at sun.reflect.NativeMethodAccessorImpl.invoke(NativeMethodAccessorImpl.java:62)
	at sun.reflect.DelegatingMethodAccessorImpl.invoke(DelegatingMethodAccessorImpl.java:43)
	at java.lang.reflect.Method.invoke(Method.java:498)
	at org.junit.runners.model.FrameworkMethod$1.runReflectiveCall(FrameworkMethod.java:50)
	at org.junit.internal.runners.model.ReflectiveCallable.run(ReflectiveCallable.java:12)
	at org.junit.runners.model.FrameworkMethod.invokeExplosively(FrameworkMethod.java:47)
	at org.junit.internal.runners.statements.InvokeMethod.evaluate(InvokeMethod.java:17)
	at org.junit.rules.TestWatcher$1.evaluate(TestWatcher.java:55)
	at org.junit.rules.TestWatcher$1.evaluate(TestWatcher.java:55)
	at org.junit.rules.RunRules.evaluate(RunRules.java:20)
	at org.junit.runners.ParentRunner.runLeaf(ParentRunner.java:325)
	at org.junit.runners.BlockJUnit4ClassRunner.runChild(BlockJUnit4ClassRunner.java:78)
	at org.junit.runners.BlockJUnit4ClassRunner.runChild(BlockJUnit4ClassRunner.java:57)
	at org.junit.runners.ParentRunner$3.run(ParentRunner.java:290)
	at org.junit.runners.ParentRunner$1.schedule(ParentRunner.java:71)
	at org.junit.runners.ParentRunner.runChildren(ParentRunner.java:288)
	at org.junit.runners.ParentRunner.access$000(ParentRunner.java:58)
	at org.junit.runners.ParentRunner$2.evaluate(ParentRunner.java:268)
	at org.junit.internal.runners.statements.RunAfters.evaluate(RunAfters.java:27)
	at org.junit.rules.ExternalResource$1.evaluate(ExternalResource.java:48)
	at org.junit.rules.RunRules.evaluate(RunRules.java:20)
	at org.junit.runners.ParentRunner.run(ParentRunner.java:363)
	at org.gradle.api.internal.tasks.testing.junit.JUnitTestClassExecuter.runTestClass(JUnitTestClassExecuter.java:112)
	at org.gradle.api.internal.tasks.testing.junit.JUnitTestClassExecuter.execute(JUnitTestClassExecuter.java:56)
	at org.gradle.api.internal.tasks.testing.junit.JUnitTestClassProcessor.processTestClass(JUnitTestClassProcessor.java:66)
	at org.gradle.api.internal.tasks.testing.SuiteTestClassProcessor.processTestClass(SuiteTestClassProcessor.java:51)
	at sun.reflect.NativeMethodAccessorImpl.invoke0(Native Method)
	at sun.reflect.NativeMethodAccessorImpl.invoke(NativeMethodAccessorImpl.java:62)
	at sun.reflect.DelegatingMethodAccessorImpl.invoke(DelegatingMethodAccessorImpl.java:43)
	at java.lang.reflect.Method.invoke(Method.java:498)
	at org.gradle.messaging.dispatch.ReflectionDispatch.dispatch(ReflectionDispatch.java:35)
	at org.gradle.messaging.dispatch.ReflectionDispatch.dispatch(ReflectionDispatch.java:24)
	at org.gradle.messaging.dispatch.ContextClassLoaderDispatch.dispatch(ContextClassLoaderDispatch.java:32)
	at org.gradle.messaging.dispatch.ProxyDispatchAdapter$DispatchingInvocationHandler.invoke(ProxyDispatchAdapter.java:93)
	at com.sun.proxy.$Proxy2.processTestClass(Unknown Source)
	at org.gradle.api.internal.tasks.testing.worker.TestWorker.processTestClass(TestWorker.java:109)
	at sun.reflect.NativeMethodAccessorImpl.invoke0(Native Method)
	at sun.reflect.NativeMethodAccessorImpl.invoke(NativeMethodAccessorImpl.java:62)
	at sun.reflect.DelegatingMethodAccessorImpl.invoke(DelegatingMethodAccessorImpl.java:43)
	at java.lang.reflect.Method.invoke(Method.java:498)
	at org.gradle.messaging.dispatch.ReflectionDispatch.dispatch(ReflectionDispatch.java:35)
	at org.gradle.messaging.dispatch.ReflectionDispatch.dispatch(ReflectionDispatch.java:24)
	at org.gradle.messaging.remote.internal.hub.MessageHub$Handler.run(MessageHub.java:360)
	at org.gradle.internal.concurrent.ExecutorPolicy$CatchAndRecordFailures.onExecute(ExecutorPolicy.java:54)
	at org.gradle.internal.concurrent.StoppableExecutorImpl$1.run(StoppableExecutorImpl.java:40)
	at java.util.concurrent.ThreadPoolExecutor.runWorker(ThreadPoolExecutor.java:1142)
	at java.util.concurrent.ThreadPoolExecutor$Worker.run(ThreadPoolExecutor.java:617)
	at java.lang.Thread.run(Thread.java:745)
</failure>
  </testcase>
  <testcase name="StylistNameIsDisplayedTest" classname="AppTest" time="0.255"/>
  <testcase name="stylistIsCreatedTest" classname="AppTest" time="0.27"/>
  <system-out><![CDATA[]]></system-out>
  <system-err><![CDATA[[Thread-4] INFO org.eclipse.jetty.util.log - Logging initialized @756ms
[Thread-4] INFO spark.webserver.JettySparkServer - == Spark has ignited ...
[Thread-4] INFO spark.webserver.JettySparkServer - >> Listening on 0.0.0.0:4567
[Thread-4] INFO org.eclipse.jetty.server.Server - jetty-9.3.2.v20150730
[Thread-4] INFO org.eclipse.jetty.server.ServerConnector - Started ServerConnector@4a5e83f6{HTTP/1.1,[http/1.1]}{0.0.0.0:4567}
[Thread-4] INFO org.eclipse.jetty.server.Server - Started @909ms
May 06, 2016 10:05:49 AM com.gargoylesoftware.htmlunit.DefaultCssErrorHandler error
WARNING: CSS error: 'http://localhost:4567/bootstrap.css' [1299:8] Error in media list. (Invalid token "(". Was expecting one of: <S>, <IDENT>.)
May 06, 2016 10:05:49 AM com.gargoylesoftware.htmlunit.DefaultCssErrorHandler error
WARNING: CSS error: 'http://localhost:4567/bootstrap.css' [1455:8] Error in media list. (Invalid token "(". Was expecting one of: <S>, <IDENT>.)
May 06, 2016 10:05:49 AM com.gargoylesoftware.htmlunit.DefaultCssErrorHandler error
WARNING: CSS error: 'http://localhost:4567/bootstrap.css' [1591:8] Error in media list. (Invalid token "(". Was expecting one of: <S>, <IDENT>.)
May 06, 2016 10:05:49 AM com.gargoylesoftware.htmlunit.DefaultCssErrorHandler error
WARNING: CSS error: 'http://localhost:4567/bootstrap.css' [1596:8] Error in media list. (Invalid token "(". Was expecting one of: <S>, <IDENT>.)
May 06, 2016 10:05:49 AM com.gargoylesoftware.htmlunit.DefaultCssErrorHandler error
WARNING: CSS error: 'http://localhost:4567/bootstrap.css' [1601:8] Error in media list. (Invalid token "(". Was expecting one of: <S>, <IDENT>.)
May 06, 2016 10:05:49 AM com.gargoylesoftware.htmlunit.DefaultCssErrorHandler error
WARNING: CSS error: 'http://localhost:4567/bootstrap.css' [1778:8] Error in media list. (Invalid token "(". Was expecting one of: <S>, <IDENT>.)
May 06, 2016 10:05:49 AM com.gargoylesoftware.htmlunit.DefaultCssErrorHandler error
WARNING: CSS error: 'http://localhost:4567/bootstrap.css' [1936:8] Error in media list. (Invalid token "(". Was expecting one of: <S>, <IDENT>.)
May 06, 2016 10:05:49 AM com.gargoylesoftware.htmlunit.DefaultCssErrorHandler error
WARNING: CSS error: 'http://localhost:4567/bootstrap.css' [2094:8] Error in media list. (Invalid token "(". Was expecting one of: <S>, <IDENT>.)
May 06, 2016 10:05:49 AM com.gargoylesoftware.htmlunit.DefaultCssErrorHandler error
WARNING: CSS error: 'http://localhost:4567/bootstrap.css' [2447:15] Error in @media rule. (Invalid token "and". Was expecting one of: <S>, <LBRACE>, <COMMA>.)
May 06, 2016 10:05:49 AM com.gargoylesoftware.htmlunit.DefaultCssErrorHandler warning
WARNING: CSS warning: 'http://localhost:4567/bootstrap.css' [2447:15] Ignoring the whole rule.
May 06, 2016 10:05:49 AM com.gargoylesoftware.htmlunit.DefaultCssErrorHandler error
WARNING: CSS error: 'http://localhost:4567/bootstrap.css' [2605:15] Error in @media rule. (Invalid token "and". Was expecting one of: <S>, <LBRACE>, <COMMA>.)
May 06, 2016 10:05:49 AM com.gargoylesoftware.htmlunit.DefaultCssErrorHandler warning
WARNING: CSS warning: 'http://localhost:4567/bootstrap.css' [2605:15] Ignoring the whole rule.
May 06, 2016 10:05:49 AM com.gargoylesoftware.htmlunit.DefaultCssErrorHandler error
WARNING: CSS error: 'http://localhost:4567/bootstrap.css' [2917:8] Error in media list. (Invalid token "(". Was expecting one of: <S>, <IDENT>.)
May 06, 2016 10:05:49 AM com.gargoylesoftware.htmlunit.DefaultCssErrorHandler error
WARNING: CSS error: 'http://localhost:4567/bootstrap.css' [2983:8] Error in media list. (Invalid token "(". Was expecting one of: <S>, <IDENT>.)
May 06, 2016 10:05:49 AM com.gargoylesoftware.htmlunit.DefaultCssErrorHandler error
WARNING: CSS error: 'http://localhost:4567/bootstrap.css' [2993:8] Error in media list. (Invalid token "(". Was expecting one of: <S>, <IDENT>.)
May 06, 2016 10:05:49 AM com.gargoylesoftware.htmlunit.DefaultCssErrorHandler error
WARNING: CSS error: 'http://localhost:4567/bootstrap.css' [2999:8] Error in media list. (Invalid token "(". Was expecting one of: <S>, <IDENT>.)
May 06, 2016 10:05:49 AM com.gargoylesoftware.htmlunit.DefaultCssErrorHandler error
WARNING: CSS error: 'http://localhost:4567/bootstrap.css' [3589:17] Error in expression; ':' found after identifier "progid".
May 06, 2016 10:05:49 AM com.gargoylesoftware.htmlunit.DefaultCssErrorHandler error
WARNING: CSS error: 'http://localhost:4567/bootstrap.css' [3638:8] Error in media list. (Invalid token "(". Was expecting one of: <S>, <IDENT>.)
May 06, 2016 10:05:49 AM com.gargoylesoftware.htmlunit.DefaultCssErrorHandler error
WARNING: CSS error: 'http://localhost:4567/bootstrap.css' [4061:8] Error in media list. (Invalid token "(". Was expecting one of: <S>, <IDENT>.)
May 06, 2016 10:05:49 AM com.gargoylesoftware.htmlunit.DefaultCssErrorHandler error
WARNING: CSS error: 'http://localhost:4567/bootstrap.css' [4079:8] Error in media list. (Invalid token "(". Was expecting one of: <S>, <IDENT>.)
May 06, 2016 10:05:49 AM com.gargoylesoftware.htmlunit.DefaultCssErrorHandler error
WARNING: CSS error: 'http://localhost:4567/bootstrap.css' [4126:8] Error in media list. (Invalid token "(". Was expecting one of: <S>, <IDENT>.)
May 06, 2016 10:05:49 AM com.gargoylesoftware.htmlunit.DefaultCssErrorHandler error
WARNING: CSS error: 'http://localhost:4567/bootstrap.css' [4147:8] Error in media list. (Invalid token "(". Was expecting one of: <S>, <IDENT>.)
May 06, 2016 10:05:49 AM com.gargoylesoftware.htmlunit.DefaultCssErrorHandler error
WARNING: CSS error: 'http://localhost:4567/bootstrap.css' [4175:8] Error in media list. (Invalid token "(". Was expecting one of: <S>, <IDENT>.)
May 06, 2016 10:05:49 AM com.gargoylesoftware.htmlunit.DefaultCssErrorHandler error
WARNING: CSS error: 'http://localhost:4567/bootstrap.css' [4180:8] Error in media list. (Invalid token "(". Was expecting one of: <S>, <IDENT>.)
May 06, 2016 10:05:49 AM com.gargoylesoftware.htmlunit.DefaultCssErrorHandler error
WARNING: CSS error: 'http://localhost:4567/bootstrap.css' [4197:8] Error in media list. (Invalid token "(". Was expecting one of: <S>, <IDENT>.)
May 06, 2016 10:05:49 AM com.gargoylesoftware.htmlunit.DefaultCssErrorHandler error
WARNING: CSS error: 'http://localhost:4567/bootstrap.css' [4224:8] Error in media list. (Invalid token "(". Was expecting one of: <S>, <IDENT>.)
May 06, 2016 10:05:49 AM com.gargoylesoftware.htmlunit.DefaultCssErrorHandler error
WARNING: CSS error: 'http://localhost:4567/bootstrap.css' [4237:8] Error in media list. (Invalid token "(". Was expecting one of: <S>, <IDENT>.)
May 06, 2016 10:05:49 AM com.gargoylesoftware.htmlunit.DefaultCssErrorHandler error
WARNING: CSS error: 'http://localhost:4567/bootstrap.css' [4250:8] Error in media list. (Invalid token "(". Was expecting one of: <S>, <IDENT>.)
May 06, 2016 10:05:49 AM com.gargoylesoftware.htmlunit.DefaultCssErrorHandler error
WARNING: CSS error: 'http://localhost:4567/bootstrap.css' [4262:8] Error in media list. (Invalid token "(". Was expecting one of: <S>, <IDENT>.)
May 06, 2016 10:05:49 AM com.gargoylesoftware.htmlunit.DefaultCssErrorHandler error
WARNING: CSS error: 'http://localhost:4567/bootstrap.css' [4291:8] Error in media list. (Invalid token "(". Was expecting one of: <S>, <IDENT>.)
May 06, 2016 10:05:49 AM com.gargoylesoftware.htmlunit.DefaultCssErrorHandler error
WARNING: CSS error: 'http://localhost:4567/bootstrap.css' [4321:8] Error in media list. (Invalid token "(". Was expecting one of: <S>, <IDENT>.)
May 06, 2016 10:05:49 AM com.gargoylesoftware.htmlunit.DefaultCssErrorHandler error
WARNING: CSS error: 'http://localhost:4567/bootstrap.css' [4334:8] Error in media list. (Invalid token "(". Was expecting one of: <S>, <IDENT>.)
May 06, 2016 10:05:49 AM com.gargoylesoftware.htmlunit.DefaultCssErrorHandler error
WARNING: CSS error: 'http://localhost:4567/bootstrap.css' [4357:8] Error in media list. (Invalid token "(". Was expecting one of: <S>, <IDENT>.)
May 06, 2016 10:05:49 AM com.gargoylesoftware.htmlunit.DefaultCssErrorHandler error
WARNING: CSS error: 'http://localhost:4567/bootstrap.css' [4381:8] Error in media list. (Invalid token "(". Was expecting one of: <S>, <IDENT>.)
May 06, 2016 10:05:49 AM com.gargoylesoftware.htmlunit.DefaultCssErrorHandler error
WARNING: CSS error: 'http://localhost:4567/bootstrap.css' [4431:8] Error in media list. (Invalid token "(". Was expecting one of: <S>, <IDENT>.)
May 06, 2016 10:05:49 AM com.gargoylesoftware.htmlunit.DefaultCssErrorHandler error
WARNING: CSS error: 'http://localhost:4567/bootstrap.css' [4439:8] Error in media list. (Invalid token "(". Was expecting one of: <S>, <IDENT>.)
May 06, 2016 10:05:49 AM com.gargoylesoftware.htmlunit.DefaultCssErrorHandler error
WARNING: CSS error: 'http://localhost:4567/bootstrap.css' [4479:8] Error in media list. (Invalid token "(". Was expecting one of: <S>, <IDENT>.)
May 06, 2016 10:05:49 AM com.gargoylesoftware.htmlunit.DefaultCssErrorHandler error
WARNING: CSS error: 'http://localhost:4567/bootstrap.css' [4486:8] Error in media list. (Invalid token "(". Was expecting one of: <S>, <IDENT>.)
May 06, 2016 10:05:49 AM com.gargoylesoftware.htmlunit.DefaultCssErrorHandler error
WARNING: CSS error: 'http://localhost:4567/bootstrap.css' [4553:8] Error in media list. (Invalid token "(". Was expecting one of: <S>, <IDENT>.)
May 06, 2016 10:05:49 AM com.gargoylesoftware.htmlunit.DefaultCssErrorHandler error
WARNING: CSS error: 'http://localhost:4567/bootstrap.css' [4649:8] Error in media list. (Invalid token "(". Was expecting one of: <S>, <IDENT>.)
May 06, 2016 10:05:50 AM com.gargoylesoftware.htmlunit.DefaultCssErrorHandler error
WARNING: CSS error: 'http://localhost:4567/bootstrap.css' [4989:15] Error in @media rule. (Invalid token "and". Was expecting one of: <S>, <LBRACE>, <COMMA>.)
May 06, 2016 10:05:50 AM com.gargoylesoftware.htmlunit.DefaultCssErrorHandler warning
WARNING: CSS warning: 'http://localhost:4567/bootstrap.css' [4989:15] Ignoring the whole rule.
May 06, 2016 10:05:50 AM com.gargoylesoftware.htmlunit.DefaultCssErrorHandler error
WARNING: CSS error: 'http://localhost:4567/bootstrap.css' [5974:8] Error in media list. (Invalid token "(". Was expecting one of: <S>, <IDENT>.)
May 06, 2016 10:05:50 AM com.gargoylesoftware.htmlunit.DefaultCssErrorHandler error
WARNING: CSS error: 'http://localhost:4567/bootstrap.css' [5987:8] Error in media list. (Invalid token "(". Was expecting one of: <S>, <IDENT>.)
May 06, 2016 10:05:50 AM com.gargoylesoftware.htmlunit.DefaultCssErrorHandler error
WARNING: CSS error: 'http://localhost:4567/bootstrap.css' [6259:12] Error in @media rule. (Invalid token "and". Was expecting one of: <S>, <LBRACE>, <COMMA>.)
May 06, 2016 10:05:50 AM com.gargoylesoftware.htmlunit.DefaultCssErrorHandler warning
WARNING: CSS warning: 'http://localhost:4567/bootstrap.css' [6259:12] Ignoring the whole rule.
May 06, 2016 10:05:50 AM com.gargoylesoftware.htmlunit.DefaultCssErrorHandler error
WARNING: CSS error: 'http://localhost:4567/bootstrap.css' [6339:17] Error in expression; ':' found after identifier "progid".
May 06, 2016 10:05:50 AM com.gargoylesoftware.htmlunit.DefaultCssErrorHandler error
WARNING: CSS error: 'http://localhost:4567/bootstrap.css' [6349:17] Error in expression; ':' found after identifier "progid".
May 06, 2016 10:05:50 AM com.gargoylesoftware.htmlunit.DefaultCssErrorHandler error
WARNING: CSS error: 'http://localhost:4567/bootstrap.css' [6437:15] Error in @media rule. (Invalid token "and". Was expecting one of: <S>, <LBRACE>, <COMMA>.)
May 06, 2016 10:05:50 AM com.gargoylesoftware.htmlunit.DefaultCssErrorHandler warning
WARNING: CSS warning: 'http://localhost:4567/bootstrap.css' [6437:15] Ignoring the whole rule.
May 06, 2016 10:05:50 AM com.gargoylesoftware.htmlunit.DefaultCssErrorHandler error
WARNING: CSS error: 'http://localhost:4567/bootstrap.css' [6573:8] Error in media list. (Invalid token "(". Was expecting one of: <S>, <IDENT>.)
May 06, 2016 10:05:50 AM com.gargoylesoftware.htmlunit.DefaultCssErrorHandler error
WARNING: CSS error: 'http://localhost:4567/bootstrap.css' [6588:8] Error in media list. (Invalid token "(". Was expecting one of: <S>, <IDENT>.)
May 06, 2016 10:05:50 AM com.gargoylesoftware.htmlunit.DefaultCssErrorHandler error
WARNING: CSS error: 'http://localhost:4567/bootstrap.css' [6593:8] Error in media list. (Invalid token "(". Was expecting one of: <S>, <IDENT>.)
May 06, 2016 10:05:50 AM com.gargoylesoftware.htmlunit.DefaultCssErrorHandler error
WARNING: CSS error: 'http://localhost:4567/bootstrap.css' [6598:8] Error in media list. (Invalid token "(". Was expecting one of: <S>, <IDENT>.)
May 06, 2016 10:05:50 AM com.gargoylesoftware.htmlunit.DefaultCssErrorHandler error
WARNING: CSS error: 'http://localhost:4567/bootstrap.css' [6603:8] Error in media list. (Invalid token "(". Was expecting one of: <S>, <IDENT>.)
May 06, 2016 10:05:50 AM com.gargoylesoftware.htmlunit.DefaultCssErrorHandler error
WARNING: CSS error: 'http://localhost:4567/bootstrap.css' [6618:8] Error in media list. (Invalid token "(". Was expecting one of: <S>, <IDENT>.)
May 06, 2016 10:05:50 AM com.gargoylesoftware.htmlunit.DefaultCssErrorHandler error
WARNING: CSS error: 'http://localhost:4567/bootstrap.css' [6623:8] Error in media list. (Invalid token "(". Was expecting one of: <S>, <IDENT>.)
May 06, 2016 10:05:50 AM com.gargoylesoftware.htmlunit.DefaultCssErrorHandler error
WARNING: CSS error: 'http://localhost:4567/bootstrap.css' [6628:8] Error in media list. (Invalid token "(". Was expecting one of: <S>, <IDENT>.)
May 06, 2016 10:05:50 AM com.gargoylesoftware.htmlunit.DefaultCssErrorHandler error
WARNING: CSS error: 'http://localhost:4567/bootstrap.css' [6633:8] Error in media list. (Invalid token "(". Was expecting one of: <S>, <IDENT>.)
May 06, 2016 10:05:50 AM com.gargoylesoftware.htmlunit.DefaultCssErrorHandler error
WARNING: CSS error: 'http://localhost:4567/bootstrap.css' [6648:8] Error in media list. (Invalid token "(". Was expecting one of: <S>, <IDENT>.)
May 06, 2016 10:05:50 AM com.gargoylesoftware.htmlunit.DefaultCssErrorHandler error
WARNING: CSS error: 'http://localhost:4567/bootstrap.css' [6653:8] Error in media list. (Invalid token "(". Was expecting one of: <S>, <IDENT>.)
May 06, 2016 10:05:50 AM com.gargoylesoftware.htmlunit.DefaultCssErrorHandler error
WARNING: CSS error: 'http://localhost:4567/bootstrap.css' [6658:8] Error in media list. (Invalid token "(". Was expecting one of: <S>, <IDENT>.)
May 06, 2016 10:05:50 AM com.gargoylesoftware.htmlunit.DefaultCssErrorHandler error
WARNING: CSS error: 'http://localhost:4567/bootstrap.css' [6663:8] Error in media list. (Invalid token "(". Was expecting one of: <S>, <IDENT>.)
May 06, 2016 10:05:50 AM com.gargoylesoftware.htmlunit.DefaultCssErrorHandler error
WARNING: CSS error: 'http://localhost:4567/bootstrap.css' [6678:8] Error in media list. (Invalid token "(". Was expecting one of: <S>, <IDENT>.)
May 06, 2016 10:05:50 AM com.gargoylesoftware.htmlunit.DefaultCssErrorHandler error
WARNING: CSS error: 'http://localhost:4567/bootstrap.css' [6683:8] Error in media list. (Invalid token "(". Was expecting one of: <S>, <IDENT>.)
May 06, 2016 10:05:50 AM com.gargoylesoftware.htmlunit.DefaultCssErrorHandler error
WARNING: CSS error: 'http://localhost:4567/bootstrap.css' [6688:8] Error in media list. (Invalid token "(". Was expecting one of: <S>, <IDENT>.)
May 06, 2016 10:05:50 AM com.gargoylesoftware.htmlunit.DefaultCssErrorHandler error
WARNING: CSS error: 'http://localhost:4567/bootstrap.css' [6693:8] Error in media list. (Invalid token "(". Was expecting one of: <S>, <IDENT>.)
May 06, 2016 10:05:50 AM com.gargoylesoftware.htmlunit.DefaultCssErrorHandler error
WARNING: CSS error: 'http://localhost:4567/bootstrap.css' [6698:8] Error in media list. (Invalid token "(". Was expecting one of: <S>, <IDENT>.)
May 06, 2016 10:05:50 AM com.gargoylesoftware.htmlunit.DefaultCssErrorHandler error
WARNING: CSS error: 'http://localhost:4567/bootstrap.css' [6703:8] Error in media list. (Invalid token "(". Was expecting one of: <S>, <IDENT>.)
May 06, 2016 10:05:50 AM com.gargoylesoftware.htmlunit.DefaultCssErrorHandler error
WARNING: CSS error: 'http://localhost:4567/bootstrap.css' [6708:8] Error in media list. (Invalid token "(". Was expecting one of: <S>, <IDENT>.)
May 06, 2016 10:05:50 AM com.gargoylesoftware.htmlunit.DefaultCssErrorHandler error
WARNING: CSS error: 'http://localhost:4567/bootstrap.css' [1299:8] Error in media list. (Invalid token "(". Was expecting one of: <S>, <IDENT>.)
May 06, 2016 10:05:50 AM com.gargoylesoftware.htmlunit.DefaultCssErrorHandler error
WARNING: CSS error: 'http://localhost:4567/bootstrap.css' [1455:8] Error in media list. (Invalid token "(". Was expecting one of: <S>, <IDENT>.)
May 06, 2016 10:05:50 AM com.gargoylesoftware.htmlunit.DefaultCssErrorHandler error
WARNING: CSS error: 'http://localhost:4567/bootstrap.css' [1591:8] Error in media list. (Invalid token "(". Was expecting one of: <S>, <IDENT>.)
May 06, 2016 10:05:50 AM com.gargoylesoftware.htmlunit.DefaultCssErrorHandler error
WARNING: CSS error: 'http://localhost:4567/bootstrap.css' [1596:8] Error in media list. (Invalid token "(". Was expecting one of: <S>, <IDENT>.)
May 06, 2016 10:05:50 AM com.gargoylesoftware.htmlunit.DefaultCssErrorHandler error
WARNING: CSS error: 'http://localhost:4567/bootstrap.css' [1601:8] Error in media list. (Invalid token "(". Was expecting one of: <S>, <IDENT>.)
May 06, 2016 10:05:50 AM com.gargoylesoftware.htmlunit.DefaultCssErrorHandler error
WARNING: CSS error: 'http://localhost:4567/bootstrap.css' [1778:8] Error in media list. (Invalid token "(". Was expecting one of: <S>, <IDENT>.)
May 06, 2016 10:05:50 AM com.gargoylesoftware.htmlunit.DefaultCssErrorHandler error
WARNING: CSS error: 'http://localhost:4567/bootstrap.css' [1936:8] Error in media list. (Invalid token "(". Was expecting one of: <S>, <IDENT>.)
May 06, 2016 10:05:50 AM com.gargoylesoftware.htmlunit.DefaultCssErrorHandler error
WARNING: CSS error: 'http://localhost:4567/bootstrap.css' [2094:8] Error in media list. (Invalid token "(". Was expecting one of: <S>, <IDENT>.)
May 06, 2016 10:05:50 AM com.gargoylesoftware.htmlunit.DefaultCssErrorHandler error
WARNING: CSS error: 'http://localhost:4567/bootstrap.css' [2447:15] Error in @media rule. (Invalid token "and". Was expecting one of: <S>, <LBRACE>, <COMMA>.)
May 06, 2016 10:05:50 AM com.gargoylesoftware.htmlunit.DefaultCssErrorHandler warning
WARNING: CSS warning: 'http://localhost:4567/bootstrap.css' [2447:15] Ignoring the whole rule.
May 06, 2016 10:05:50 AM com.gargoylesoftware.htmlunit.DefaultCssErrorHandler error
WARNING: CSS error: 'http://localhost:4567/bootstrap.css' [2605:15] Error in @media rule. (Invalid token "and". Was expecting one of: <S>, <LBRACE>, <COMMA>.)
May 06, 2016 10:05:50 AM com.gargoylesoftware.htmlunit.DefaultCssErrorHandler warning
WARNING: CSS warning: 'http://localhost:4567/bootstrap.css' [2605:15] Ignoring the whole rule.
May 06, 2016 10:05:50 AM com.gargoylesoftware.htmlunit.DefaultCssErrorHandler error
WARNING: CSS error: 'http://localhost:4567/bootstrap.css' [2917:8] Error in media list. (Invalid token "(". Was expecting one of: <S>, <IDENT>.)
May 06, 2016 10:05:50 AM com.gargoylesoftware.htmlunit.DefaultCssErrorHandler error
WARNING: CSS error: 'http://localhost:4567/bootstrap.css' [2983:8] Error in media list. (Invalid token "(". Was expecting one of: <S>, <IDENT>.)
May 06, 2016 10:05:50 AM com.gargoylesoftware.htmlunit.DefaultCssErrorHandler error
WARNING: CSS error: 'http://localhost:4567/bootstrap.css' [2993:8] Error in media list. (Invalid token "(". Was expecting one of: <S>, <IDENT>.)
May 06, 2016 10:05:50 AM com.gargoylesoftware.htmlunit.DefaultCssErrorHandler error
WARNING: CSS error: 'http://localhost:4567/bootstrap.css' [2999:8] Error in media list. (Invalid token "(". Was expecting one of: <S>, <IDENT>.)
May 06, 2016 10:05:50 AM com.gargoylesoftware.htmlunit.DefaultCssErrorHandler error
WARNING: CSS error: 'http://localhost:4567/bootstrap.css' [3589:17] Error in expression; ':' found after identifier "progid".
May 06, 2016 10:05:50 AM com.gargoylesoftware.htmlunit.DefaultCssErrorHandler error
WARNING: CSS error: 'http://localhost:4567/bootstrap.css' [3638:8] Error in media list. (Invalid token "(". Was expecting one of: <S>, <IDENT>.)
May 06, 2016 10:05:50 AM com.gargoylesoftware.htmlunit.DefaultCssErrorHandler error
WARNING: CSS error: 'http://localhost:4567/bootstrap.css' [4061:8] Error in media list. (Invalid token "(". Was expecting one of: <S>, <IDENT>.)
May 06, 2016 10:05:50 AM com.gargoylesoftware.htmlunit.DefaultCssErrorHandler error
WARNING: CSS error: 'http://localhost:4567/bootstrap.css' [4079:8] Error in media list. (Invalid token "(". Was expecting one of: <S>, <IDENT>.)
May 06, 2016 10:05:50 AM com.gargoylesoftware.htmlunit.DefaultCssErrorHandler error
WARNING: CSS error: 'http://localhost:4567/bootstrap.css' [4126:8] Error in media list. (Invalid token "(". Was expecting one of: <S>, <IDENT>.)
May 06, 2016 10:05:50 AM com.gargoylesoftware.htmlunit.DefaultCssErrorHandler error
WARNING: CSS error: 'http://localhost:4567/bootstrap.css' [4147:8] Error in media list. (Invalid token "(". Was expecting one of: <S>, <IDENT>.)
May 06, 2016 10:05:50 AM com.gargoylesoftware.htmlunit.DefaultCssErrorHandler error
WARNING: CSS error: 'http://localhost:4567/bootstrap.css' [4175:8] Error in media list. (Invalid token "(". Was expecting one of: <S>, <IDENT>.)
May 06, 2016 10:05:50 AM com.gargoylesoftware.htmlunit.DefaultCssErrorHandler error
WARNING: CSS error: 'http://localhost:4567/bootstrap.css' [4180:8] Error in media list. (Invalid token "(". Was expecting one of: <S>, <IDENT>.)
May 06, 2016 10:05:50 AM com.gargoylesoftware.htmlunit.DefaultCssErrorHandler error
WARNING: CSS error: 'http://localhost:4567/bootstrap.css' [4197:8] Error in media list. (Invalid token "(". Was expecting one of: <S>, <IDENT>.)
May 06, 2016 10:05:50 AM com.gargoylesoftware.htmlunit.DefaultCssErrorHandler error
WARNING: CSS error: 'http://localhost:4567/bootstrap.css' [4224:8] Error in media list. (Invalid token "(". Was expecting one of: <S>, <IDENT>.)
May 06, 2016 10:05:50 AM com.gargoylesoftware.htmlunit.DefaultCssErrorHandler error
WARNING: CSS error: 'http://localhost:4567/bootstrap.css' [4237:8] Error in media list. (Invalid token "(". Was expecting one of: <S>, <IDENT>.)
May 06, 2016 10:05:50 AM com.gargoylesoftware.htmlunit.DefaultCssErrorHandler error
WARNING: CSS error: 'http://localhost:4567/bootstrap.css' [4250:8] Error in media list. (Invalid token "(". Was expecting one of: <S>, <IDENT>.)
May 06, 2016 10:05:50 AM com.gargoylesoftware.htmlunit.DefaultCssErrorHandler error
WARNING: CSS error: 'http://localhost:4567/bootstrap.css' [4262:8] Error in media list. (Invalid token "(". Was expecting one of: <S>, <IDENT>.)
May 06, 2016 10:05:50 AM com.gargoylesoftware.htmlunit.DefaultCssErrorHandler error
WARNING: CSS error: 'http://localhost:4567/bootstrap.css' [4291:8] Error in media list. (Invalid token "(". Was expecting one of: <S>, <IDENT>.)
May 06, 2016 10:05:50 AM com.gargoylesoftware.htmlunit.DefaultCssErrorHandler error
WARNING: CSS error: 'http://localhost:4567/bootstrap.css' [4321:8] Error in media list. (Invalid token "(". Was expecting one of: <S>, <IDENT>.)
May 06, 2016 10:05:50 AM com.gargoylesoftware.htmlunit.DefaultCssErrorHandler error
WARNING: CSS error: 'http://localhost:4567/bootstrap.css' [4334:8] Error in media list. (Invalid token "(". Was expecting one of: <S>, <IDENT>.)
May 06, 2016 10:05:50 AM com.gargoylesoftware.htmlunit.DefaultCssErrorHandler error
WARNING: CSS error: 'http://localhost:4567/bootstrap.css' [4357:8] Error in media list. (Invalid token "(". Was expecting one of: <S>, <IDENT>.)
May 06, 2016 10:05:50 AM com.gargoylesoftware.htmlunit.DefaultCssErrorHandler error
WARNING: CSS error: 'http://localhost:4567/bootstrap.css' [4381:8] Error in media list. (Invalid token "(". Was expecting one of: <S>, <IDENT>.)
May 06, 2016 10:05:50 AM com.gargoylesoftware.htmlunit.DefaultCssErrorHandler error
WARNING: CSS error: 'http://localhost:4567/bootstrap.css' [4431:8] Error in media list. (Invalid token "(". Was expecting one of: <S>, <IDENT>.)
May 06, 2016 10:05:50 AM com.gargoylesoftware.htmlunit.DefaultCssErrorHandler error
WARNING: CSS error: 'http://localhost:4567/bootstrap.css' [4439:8] Error in media list. (Invalid token "(". Was expecting one of: <S>, <IDENT>.)
May 06, 2016 10:05:50 AM com.gargoylesoftware.htmlunit.DefaultCssErrorHandler error
WARNING: CSS error: 'http://localhost:4567/bootstrap.css' [4479:8] Error in media list. (Invalid token "(". Was expecting one of: <S>, <IDENT>.)
May 06, 2016 10:05:50 AM com.gargoylesoftware.htmlunit.DefaultCssErrorHandler error
WARNING: CSS error: 'http://localhost:4567/bootstrap.css' [4486:8] Error in media list. (Invalid token "(". Was expecting one of: <S>, <IDENT>.)
May 06, 2016 10:05:50 AM com.gargoylesoftware.htmlunit.DefaultCssErrorHandler error
WARNING: CSS error: 'http://localhost:4567/bootstrap.css' [4553:8] Error in media list. (Invalid token "(". Was expecting one of: <S>, <IDENT>.)
May 06, 2016 10:05:50 AM com.gargoylesoftware.htmlunit.DefaultCssErrorHandler error
WARNING: CSS error: 'http://localhost:4567/bootstrap.css' [4649:8] Error in media list. (Invalid token "(". Was expecting one of: <S>, <IDENT>.)
May 06, 2016 10:05:50 AM com.gargoylesoftware.htmlunit.DefaultCssErrorHandler error
WARNING: CSS error: 'http://localhost:4567/bootstrap.css' [4989:15] Error in @media rule. (Invalid token "and". Was expecting one of: <S>, <LBRACE>, <COMMA>.)
May 06, 2016 10:05:50 AM com.gargoylesoftware.htmlunit.DefaultCssErrorHandler warning
WARNING: CSS warning: 'http://localhost:4567/bootstrap.css' [4989:15] Ignoring the whole rule.
May 06, 2016 10:05:50 AM com.gargoylesoftware.htmlunit.DefaultCssErrorHandler error
WARNING: CSS error: 'http://localhost:4567/bootstrap.css' [5974:8] Error in media list. (Invalid token "(". Was expecting one of: <S>, <IDENT>.)
May 06, 2016 10:05:50 AM com.gargoylesoftware.htmlunit.DefaultCssErrorHandler error
WARNING: CSS error: 'http://localhost:4567/bootstrap.css' [5987:8] Error in media list. (Invalid token "(". Was expecting one of: <S>, <IDENT>.)
May 06, 2016 10:05:50 AM com.gargoylesoftware.htmlunit.DefaultCssErrorHandler error
WARNING: CSS error: 'http://localhost:4567/bootstrap.css' [6259:12] Error in @media rule. (Invalid token "and". Was expecting one of: <S>, <LBRACE>, <COMMA>.)
May 06, 2016 10:05:50 AM com.gargoylesoftware.htmlunit.DefaultCssErrorHandler warning
WARNING: CSS warning: 'http://localhost:4567/bootstrap.css' [6259:12] Ignoring the whole rule.
May 06, 2016 10:05:50 AM com.gargoylesoftware.htmlunit.DefaultCssErrorHandler error
WARNING: CSS error: 'http://localhost:4567/bootstrap.css' [6339:17] Error in expression; ':' found after identifier "progid".
May 06, 2016 10:05:50 AM com.gargoylesoftware.htmlunit.DefaultCssErrorHandler error
WARNING: CSS error: 'http://localhost:4567/bootstrap.css' [6349:17] Error in expression; ':' found after identifier "progid".
May 06, 2016 10:05:50 AM com.gargoylesoftware.htmlunit.DefaultCssErrorHandler error
WARNING: CSS error: 'http://localhost:4567/bootstrap.css' [6437:15] Error in @media rule. (Invalid token "and". Was expecting one of: <S>, <LBRACE>, <COMMA>.)
May 06, 2016 10:05:50 AM com.gargoylesoftware.htmlunit.DefaultCssErrorHandler warning
WARNING: CSS warning: 'http://localhost:4567/bootstrap.css' [6437:15] Ignoring the whole rule.
May 06, 2016 10:05:50 AM com.gargoylesoftware.htmlunit.DefaultCssErrorHandler error
WARNING: CSS error: 'http://localhost:4567/bootstrap.css' [6573:8] Error in media list. (Invalid token "(". Was expecting one of: <S>, <IDENT>.)
May 06, 2016 10:05:50 AM com.gargoylesoftware.htmlunit.DefaultCssErrorHandler error
WARNING: CSS error: 'http://localhost:4567/bootstrap.css' [6588:8] Error in media list. (Invalid token "(". Was expecting one of: <S>, <IDENT>.)
May 06, 2016 10:05:50 AM com.gargoylesoftware.htmlunit.DefaultCssErrorHandler error
WARNING: CSS error: 'http://localhost:4567/bootstrap.css' [6593:8] Error in media list. (Invalid token "(". Was expecting one of: <S>, <IDENT>.)
May 06, 2016 10:05:50 AM com.gargoylesoftware.htmlunit.DefaultCssErrorHandler error
WARNING: CSS error: 'http://localhost:4567/bootstrap.css' [6598:8] Error in media list. (Invalid token "(". Was expecting one of: <S>, <IDENT>.)
May 06, 2016 10:05:50 AM com.gargoylesoftware.htmlunit.DefaultCssErrorHandler error
WARNING: CSS error: 'http://localhost:4567/bootstrap.css' [6603:8] Error in media list. (Invalid token "(". Was expecting one of: <S>, <IDENT>.)
May 06, 2016 10:05:50 AM com.gargoylesoftware.htmlunit.DefaultCssErrorHandler error
WARNING: CSS error: 'http://localhost:4567/bootstrap.css' [6618:8] Error in media list. (Invalid token "(". Was expecting one of: <S>, <IDENT>.)
May 06, 2016 10:05:50 AM com.gargoylesoftware.htmlunit.DefaultCssErrorHandler error
WARNING: CSS error: 'http://localhost:4567/bootstrap.css' [6623:8] Error in media list. (Invalid token "(". Was expecting one of: <S>, <IDENT>.)
May 06, 2016 10:05:50 AM com.gargoylesoftware.htmlunit.DefaultCssErrorHandler error
WARNING: CSS error: 'http://localhost:4567/bootstrap.css' [6628:8] Error in media list. (Invalid token "(". Was expecting one of: <S>, <IDENT>.)
May 06, 2016 10:05:50 AM com.gargoylesoftware.htmlunit.DefaultCssErrorHandler error
WARNING: CSS error: 'http://localhost:4567/bootstrap.css' [6633:8] Error in media list. (Invalid token "(". Was expecting one of: <S>, <IDENT>.)
May 06, 2016 10:05:50 AM com.gargoylesoftware.htmlunit.DefaultCssErrorHandler error
WARNING: CSS error: 'http://localhost:4567/bootstrap.css' [6648:8] Error in media list. (Invalid token "(". Was expecting one of: <S>, <IDENT>.)
May 06, 2016 10:05:50 AM com.gargoylesoftware.htmlunit.DefaultCssErrorHandler error
WARNING: CSS error: 'http://localhost:4567/bootstrap.css' [6653:8] Error in media list. (Invalid token "(". Was expecting one of: <S>, <IDENT>.)
May 06, 2016 10:05:50 AM com.gargoylesoftware.htmlunit.DefaultCssErrorHandler error
WARNING: CSS error: 'http://localhost:4567/bootstrap.css' [6658:8] Error in media list. (Invalid token "(". Was expecting one of: <S>, <IDENT>.)
May 06, 2016 10:05:50 AM com.gargoylesoftware.htmlunit.DefaultCssErrorHandler error
WARNING: CSS error: 'http://localhost:4567/bootstrap.css' [6663:8] Error in media list. (Invalid token "(". Was expecting one of: <S>, <IDENT>.)
May 06, 2016 10:05:50 AM com.gargoylesoftware.htmlunit.DefaultCssErrorHandler error
WARNING: CSS error: 'http://localhost:4567/bootstrap.css' [6678:8] Error in media list. (Invalid token "(". Was expecting one of: <S>, <IDENT>.)
May 06, 2016 10:05:50 AM com.gargoylesoftware.htmlunit.DefaultCssErrorHandler error
WARNING: CSS error: 'http://localhost:4567/bootstrap.css' [6683:8] Error in media list. (Invalid token "(". Was expecting one of: <S>, <IDENT>.)
May 06, 2016 10:05:50 AM com.gargoylesoftware.htmlunit.DefaultCssErrorHandler error
WARNING: CSS error: 'http://localhost:4567/bootstrap.css' [6688:8] Error in media list. (Invalid token "(". Was expecting one of: <S>, <IDENT>.)
May 06, 2016 10:05:50 AM com.gargoylesoftware.htmlunit.DefaultCssErrorHandler error
WARNING: CSS error: 'http://localhost:4567/bootstrap.css' [6693:8] Error in media list. (Invalid token "(". Was expecting one of: <S>, <IDENT>.)
May 06, 2016 10:05:50 AM com.gargoylesoftware.htmlunit.DefaultCssErrorHandler error
WARNING: CSS error: 'http://localhost:4567/bootstrap.css' [6698:8] Error in media list. (Invalid token "(". Was expecting one of: <S>, <IDENT>.)
May 06, 2016 10:05:50 AM com.gargoylesoftware.htmlunit.DefaultCssErrorHandler error
WARNING: CSS error: 'http://localhost:4567/bootstrap.css' [6703:8] Error in media list. (Invalid token "(". Was expecting one of: <S>, <IDENT>.)
May 06, 2016 10:05:50 AM com.gargoylesoftware.htmlunit.DefaultCssErrorHandler error
WARNING: CSS error: 'http://localhost:4567/bootstrap.css' [6708:8] Error in media list. (Invalid token "(". Was expecting one of: <S>, <IDENT>.)
May 06, 2016 10:05:50 AM com.gargoylesoftware.htmlunit.DefaultCssErrorHandler error
WARNING: CSS error: 'http://localhost:4567/bootstrap.css' [1299:8] Error in media list. (Invalid token "(". Was expecting one of: <S>, <IDENT>.)
May 06, 2016 10:05:50 AM com.gargoylesoftware.htmlunit.DefaultCssErrorHandler error
WARNING: CSS error: 'http://localhost:4567/bootstrap.css' [1455:8] Error in media list. (Invalid token "(". Was expecting one of: <S>, <IDENT>.)
May 06, 2016 10:05:50 AM com.gargoylesoftware.htmlunit.DefaultCssErrorHandler error
WARNING: CSS error: 'http://localhost:4567/bootstrap.css' [1591:8] Error in media list. (Invalid token "(". Was expecting one of: <S>, <IDENT>.)
May 06, 2016 10:05:50 AM com.gargoylesoftware.htmlunit.DefaultCssErrorHandler error
WARNING: CSS error: 'http://localhost:4567/bootstrap.css' [1596:8] Error in media list. (Invalid token "(". Was expecting one of: <S>, <IDENT>.)
May 06, 2016 10:05:50 AM com.gargoylesoftware.htmlunit.DefaultCssErrorHandler error
WARNING: CSS error: 'http://localhost:4567/bootstrap.css' [1601:8] Error in media list. (Invalid token "(". Was expecting one of: <S>, <IDENT>.)
May 06, 2016 10:05:50 AM com.gargoylesoftware.htmlunit.DefaultCssErrorHandler error
WARNING: CSS error: 'http://localhost:4567/bootstrap.css' [1778:8] Error in media list. (Invalid token "(". Was expecting one of: <S>, <IDENT>.)
May 06, 2016 10:05:50 AM com.gargoylesoftware.htmlunit.DefaultCssErrorHandler error
WARNING: CSS error: 'http://localhost:4567/bootstrap.css' [1936:8] Error in media list. (Invalid token "(". Was expecting one of: <S>, <IDENT>.)
May 06, 2016 10:05:50 AM com.gargoylesoftware.htmlunit.DefaultCssErrorHandler error
WARNING: CSS error: 'http://localhost:4567/bootstrap.css' [2094:8] Error in media list. (Invalid token "(". Was expecting one of: <S>, <IDENT>.)
May 06, 2016 10:05:50 AM com.gargoylesoftware.htmlunit.DefaultCssErrorHandler error
WARNING: CSS error: 'http://localhost:4567/bootstrap.css' [2447:15] Error in @media rule. (Invalid token "and". Was expecting one of: <S>, <LBRACE>, <COMMA>.)
May 06, 2016 10:05:50 AM com.gargoylesoftware.htmlunit.DefaultCssErrorHandler warning
WARNING: CSS warning: 'http://localhost:4567/bootstrap.css' [2447:15] Ignoring the whole rule.
May 06, 2016 10:05:50 AM com.gargoylesoftware.htmlunit.DefaultCssErrorHandler error
WARNING: CSS error: 'http://localhost:4567/bootstrap.css' [2605:15] Error in @media rule. (Invalid token "and". Was expecting one of: <S>, <LBRACE>, <COMMA>.)
May 06, 2016 10:05:50 AM com.gargoylesoftware.htmlunit.DefaultCssErrorHandler warning
WARNING: CSS warning: 'http://localhost:4567/bootstrap.css' [2605:15] Ignoring the whole rule.
May 06, 2016 10:05:50 AM com.gargoylesoftware.htmlunit.DefaultCssErrorHandler error
WARNING: CSS error: 'http://localhost:4567/bootstrap.css' [2917:8] Error in media list. (Invalid token "(". Was expecting one of: <S>, <IDENT>.)
May 06, 2016 10:05:50 AM com.gargoylesoftware.htmlunit.DefaultCssErrorHandler error
WARNING: CSS error: 'http://localhost:4567/bootstrap.css' [2983:8] Error in media list. (Invalid token "(". Was expecting one of: <S>, <IDENT>.)
May 06, 2016 10:05:50 AM com.gargoylesoftware.htmlunit.DefaultCssErrorHandler error
WARNING: CSS error: 'http://localhost:4567/bootstrap.css' [2993:8] Error in media list. (Invalid token "(". Was expecting one of: <S>, <IDENT>.)
May 06, 2016 10:05:50 AM com.gargoylesoftware.htmlunit.DefaultCssErrorHandler error
WARNING: CSS error: 'http://localhost:4567/bootstrap.css' [2999:8] Error in media list. (Invalid token "(". Was expecting one of: <S>, <IDENT>.)
May 06, 2016 10:05:50 AM com.gargoylesoftware.htmlunit.DefaultCssErrorHandler error
WARNING: CSS error: 'http://localhost:4567/bootstrap.css' [3589:17] Error in expression; ':' found after identifier "progid".
May 06, 2016 10:05:50 AM com.gargoylesoftware.htmlunit.DefaultCssErrorHandler error
WARNING: CSS error: 'http://localhost:4567/bootstrap.css' [3638:8] Error in media list. (Invalid token "(". Was expecting one of: <S>, <IDENT>.)
May 06, 2016 10:05:50 AM com.gargoylesoftware.htmlunit.DefaultCssErrorHandler error
WARNING: CSS error: 'http://localhost:4567/bootstrap.css' [4061:8] Error in media list. (Invalid token "(". Was expecting one of: <S>, <IDENT>.)
May 06, 2016 10:05:50 AM com.gargoylesoftware.htmlunit.DefaultCssErrorHandler error
WARNING: CSS error: 'http://localhost:4567/bootstrap.css' [4079:8] Error in media list. (Invalid token "(". Was expecting one of: <S>, <IDENT>.)
May 06, 2016 10:05:50 AM com.gargoylesoftware.htmlunit.DefaultCssErrorHandler error
WARNING: CSS error: 'http://localhost:4567/bootstrap.css' [4126:8] Error in media list. (Invalid token "(". Was expecting one of: <S>, <IDENT>.)
May 06, 2016 10:05:50 AM com.gargoylesoftware.htmlunit.DefaultCssErrorHandler error
WARNING: CSS error: 'http://localhost:4567/bootstrap.css' [4147:8] Error in media list. (Invalid token "(". Was expecting one of: <S>, <IDENT>.)
May 06, 2016 10:05:50 AM com.gargoylesoftware.htmlunit.DefaultCssErrorHandler error
WARNING: CSS error: 'http://localhost:4567/bootstrap.css' [4175:8] Error in media list. (Invalid token "(". Was expecting one of: <S>, <IDENT>.)
May 06, 2016 10:05:50 AM com.gargoylesoftware.htmlunit.DefaultCssErrorHandler error
WARNING: CSS error: 'http://localhost:4567/bootstrap.css' [4180:8] Error in media list. (Invalid token "(". Was expecting one of: <S>, <IDENT>.)
May 06, 2016 10:05:50 AM com.gargoylesoftware.htmlunit.DefaultCssErrorHandler error
WARNING: CSS error: 'http://localhost:4567/bootstrap.css' [4197:8] Error in media list. (Invalid token "(". Was expecting one of: <S>, <IDENT>.)
May 06, 2016 10:05:50 AM com.gargoylesoftware.htmlunit.DefaultCssErrorHandler error
WARNING: CSS error: 'http://localhost:4567/bootstrap.css' [4224:8] Error in media list. (Invalid token "(". Was expecting one of: <S>, <IDENT>.)
May 06, 2016 10:05:50 AM com.gargoylesoftware.htmlunit.DefaultCssErrorHandler error
WARNING: CSS error: 'http://localhost:4567/bootstrap.css' [4237:8] Error in media list. (Invalid token "(". Was expecting one of: <S>, <IDENT>.)
May 06, 2016 10:05:50 AM com.gargoylesoftware.htmlunit.DefaultCssErrorHandler error
WARNING: CSS error: 'http://localhost:4567/bootstrap.css' [4250:8] Error in media list. (Invalid token "(". Was expecting one of: <S>, <IDENT>.)
May 06, 2016 10:05:50 AM com.gargoylesoftware.htmlunit.DefaultCssErrorHandler error
WARNING: CSS error: 'http://localhost:4567/bootstrap.css' [4262:8] Error in media list. (Invalid token "(". Was expecting one of: <S>, <IDENT>.)
May 06, 2016 10:05:50 AM com.gargoylesoftware.htmlunit.DefaultCssErrorHandler error
WARNING: CSS error: 'http://localhost:4567/bootstrap.css' [4291:8] Error in media list. (Invalid token "(". Was expecting one of: <S>, <IDENT>.)
May 06, 2016 10:05:50 AM com.gargoylesoftware.htmlunit.DefaultCssErrorHandler error
WARNING: CSS error: 'http://localhost:4567/bootstrap.css' [4321:8] Error in media list. (Invalid token "(". Was expecting one of: <S>, <IDENT>.)
May 06, 2016 10:05:50 AM com.gargoylesoftware.htmlunit.DefaultCssErrorHandler error
WARNING: CSS error: 'http://localhost:4567/bootstrap.css' [4334:8] Error in media list. (Invalid token "(". Was expecting one of: <S>, <IDENT>.)
May 06, 2016 10:05:50 AM com.gargoylesoftware.htmlunit.DefaultCssErrorHandler error
WARNING: CSS error: 'http://localhost:4567/bootstrap.css' [4357:8] Error in media list. (Invalid token "(". Was expecting one of: <S>, <IDENT>.)
May 06, 2016 10:05:50 AM com.gargoylesoftware.htmlunit.DefaultCssErrorHandler error
WARNING: CSS error: 'http://localhost:4567/bootstrap.css' [4381:8] Error in media list. (Invalid token "(". Was expecting one of: <S>, <IDENT>.)
May 06, 2016 10:05:50 AM com.gargoylesoftware.htmlunit.DefaultCssErrorHandler error
WARNING: CSS error: 'http://localhost:4567/bootstrap.css' [4431:8] Error in media list. (Invalid token "(". Was expecting one of: <S>, <IDENT>.)
May 06, 2016 10:05:50 AM com.gargoylesoftware.htmlunit.DefaultCssErrorHandler error
WARNING: CSS error: 'http://localhost:4567/bootstrap.css' [4439:8] Error in media list. (Invalid token "(". Was expecting one of: <S>, <IDENT>.)
May 06, 2016 10:05:50 AM com.gargoylesoftware.htmlunit.DefaultCssErrorHandler error
WARNING: CSS error: 'http://localhost:4567/bootstrap.css' [4479:8] Error in media list. (Invalid token "(". Was expecting one of: <S>, <IDENT>.)
May 06, 2016 10:05:50 AM com.gargoylesoftware.htmlunit.DefaultCssErrorHandler error
WARNING: CSS error: 'http://localhost:4567/bootstrap.css' [4486:8] Error in media list. (Invalid token "(". Was expecting one of: <S>, <IDENT>.)
May 06, 2016 10:05:50 AM com.gargoylesoftware.htmlunit.DefaultCssErrorHandler error
WARNING: CSS error: 'http://localhost:4567/bootstrap.css' [4553:8] Error in media list. (Invalid token "(". Was expecting one of: <S>, <IDENT>.)
May 06, 2016 10:05:50 AM com.gargoylesoftware.htmlunit.DefaultCssErrorHandler error
WARNING: CSS error: 'http://localhost:4567/bootstrap.css' [4649:8] Error in media list. (Invalid token "(". Was expecting one of: <S>, <IDENT>.)
May 06, 2016 10:05:50 AM com.gargoylesoftware.htmlunit.DefaultCssErrorHandler error
WARNING: CSS error: 'http://localhost:4567/bootstrap.css' [4989:15] Error in @media rule. (Invalid token "and". Was expecting one of: <S>, <LBRACE>, <COMMA>.)
May 06, 2016 10:05:50 AM com.gargoylesoftware.htmlunit.DefaultCssErrorHandler warning
WARNING: CSS warning: 'http://localhost:4567/bootstrap.css' [4989:15] Ignoring the whole rule.
May 06, 2016 10:05:50 AM com.gargoylesoftware.htmlunit.DefaultCssErrorHandler error
WARNING: CSS error: 'http://localhost:4567/bootstrap.css' [5974:8] Error in media list. (Invalid token "(". Was expecting one of: <S>, <IDENT>.)
May 06, 2016 10:05:50 AM com.gargoylesoftware.htmlunit.DefaultCssErrorHandler error
WARNING: CSS error: 'http://localhost:4567/bootstrap.css' [5987:8] Error in media list. (Invalid token "(". Was expecting one of: <S>, <IDENT>.)
May 06, 2016 10:05:50 AM com.gargoylesoftware.htmlunit.DefaultCssErrorHandler error
WARNING: CSS error: 'http://localhost:4567/bootstrap.css' [6259:12] Error in @media rule. (Invalid token "and". Was expecting one of: <S>, <LBRACE>, <COMMA>.)
May 06, 2016 10:05:50 AM com.gargoylesoftware.htmlunit.DefaultCssErrorHandler warning
WARNING: CSS warning: 'http://localhost:4567/bootstrap.css' [6259:12] Ignoring the whole rule.
May 06, 2016 10:05:50 AM com.gargoylesoftware.htmlunit.DefaultCssErrorHandler error
WARNING: CSS error: 'http://localhost:4567/bootstrap.css' [6339:17] Error in expression; ':' found after identifier "progid".
May 06, 2016 10:05:50 AM com.gargoylesoftware.htmlunit.DefaultCssErrorHandler error
WARNING: CSS error: 'http://localhost:4567/bootstrap.css' [6349:17] Error in expression; ':' found after identifier "progid".
May 06, 2016 10:05:50 AM com.gargoylesoftware.htmlunit.DefaultCssErrorHandler error
WARNING: CSS error: 'http://localhost:4567/bootstrap.css' [6437:15] Error in @media rule. (Invalid token "and". Was expecting one of: <S>, <LBRACE>, <COMMA>.)
May 06, 2016 10:05:50 AM com.gargoylesoftware.htmlunit.DefaultCssErrorHandler warning
WARNING: CSS warning: 'http://localhost:4567/bootstrap.css' [6437:15] Ignoring the whole rule.
May 06, 2016 10:05:50 AM com.gargoylesoftware.htmlunit.DefaultCssErrorHandler error
WARNING: CSS error: 'http://localhost:4567/bootstrap.css' [6573:8] Error in media list. (Invalid token "(". Was expecting one of: <S>, <IDENT>.)
May 06, 2016 10:05:50 AM com.gargoylesoftware.htmlunit.DefaultCssErrorHandler error
WARNING: CSS error: 'http://localhost:4567/bootstrap.css' [6588:8] Error in media list. (Invalid token "(". Was expecting one of: <S>, <IDENT>.)
May 06, 2016 10:05:50 AM com.gargoylesoftware.htmlunit.DefaultCssErrorHandler error
WARNING: CSS error: 'http://localhost:4567/bootstrap.css' [6593:8] Error in media list. (Invalid token "(". Was expecting one of: <S>, <IDENT>.)
May 06, 2016 10:05:50 AM com.gargoylesoftware.htmlunit.DefaultCssErrorHandler error
WARNING: CSS error: 'http://localhost:4567/bootstrap.css' [6598:8] Error in media list. (Invalid token "(". Was expecting one of: <S>, <IDENT>.)
May 06, 2016 10:05:50 AM com.gargoylesoftware.htmlunit.DefaultCssErrorHandler error
WARNING: CSS error: 'http://localhost:4567/bootstrap.css' [6603:8] Error in media list. (Invalid token "(". Was expecting one of: <S>, <IDENT>.)
May 06, 2016 10:05:50 AM com.gargoylesoftware.htmlunit.DefaultCssErrorHandler error
WARNING: CSS error: 'http://localhost:4567/bootstrap.css' [6618:8] Error in media list. (Invalid token "(". Was expecting one of: <S>, <IDENT>.)
May 06, 2016 10:05:50 AM com.gargoylesoftware.htmlunit.DefaultCssErrorHandler error
WARNING: CSS error: 'http://localhost:4567/bootstrap.css' [6623:8] Error in media list. (Invalid token "(". Was expecting one of: <S>, <IDENT>.)
May 06, 2016 10:05:50 AM com.gargoylesoftware.htmlunit.DefaultCssErrorHandler error
WARNING: CSS error: 'http://localhost:4567/bootstrap.css' [6628:8] Error in media list. (Invalid token "(". Was expecting one of: <S>, <IDENT>.)
May 06, 2016 10:05:50 AM com.gargoylesoftware.htmlunit.DefaultCssErrorHandler error
WARNING: CSS error: 'http://localhost:4567/bootstrap.css' [6633:8] Error in media list. (Invalid token "(". Was expecting one of: <S>, <IDENT>.)
May 06, 2016 10:05:50 AM com.gargoylesoftware.htmlunit.DefaultCssErrorHandler error
WARNING: CSS error: 'http://localhost:4567/bootstrap.css' [6648:8] Error in media list. (Invalid token "(". Was expecting one of: <S>, <IDENT>.)
May 06, 2016 10:05:50 AM com.gargoylesoftware.htmlunit.DefaultCssErrorHandler error
WARNING: CSS error: 'http://localhost:4567/bootstrap.css' [6653:8] Error in media list. (Invalid token "(". Was expecting one of: <S>, <IDENT>.)
May 06, 2016 10:05:50 AM com.gargoylesoftware.htmlunit.DefaultCssErrorHandler error
WARNING: CSS error: 'http://localhost:4567/bootstrap.css' [6658:8] Error in media list. (Invalid token "(". Was expecting one of: <S>, <IDENT>.)
May 06, 2016 10:05:50 AM com.gargoylesoftware.htmlunit.DefaultCssErrorHandler error
WARNING: CSS error: 'http://localhost:4567/bootstrap.css' [6663:8] Error in media list. (Invalid token "(". Was expecting one of: <S>, <IDENT>.)
May 06, 2016 10:05:50 AM com.gargoylesoftware.htmlunit.DefaultCssErrorHandler error
WARNING: CSS error: 'http://localhost:4567/bootstrap.css' [6678:8] Error in media list. (Invalid token "(". Was expecting one of: <S>, <IDENT>.)
May 06, 2016 10:05:50 AM com.gargoylesoftware.htmlunit.DefaultCssErrorHandler error
WARNING: CSS error: 'http://localhost:4567/bootstrap.css' [6683:8] Error in media list. (Invalid token "(". Was expecting one of: <S>, <IDENT>.)
May 06, 2016 10:05:50 AM com.gargoylesoftware.htmlunit.DefaultCssErrorHandler error
WARNING: CSS error: 'http://localhost:4567/bootstrap.css' [6688:8] Error in media list. (Invalid token "(". Was expecting one of: <S>, <IDENT>.)
May 06, 2016 10:05:50 AM com.gargoylesoftware.htmlunit.DefaultCssErrorHandler error
WARNING: CSS error: 'http://localhost:4567/bootstrap.css' [6693:8] Error in media list. (Invalid token "(". Was expecting one of: <S>, <IDENT>.)
May 06, 2016 10:05:50 AM com.gargoylesoftware.htmlunit.DefaultCssErrorHandler error
WARNING: CSS error: 'http://localhost:4567/bootstrap.css' [6698:8] Error in media list. (Invalid token "(". Was expecting one of: <S>, <IDENT>.)
May 06, 2016 10:05:50 AM com.gargoylesoftware.htmlunit.DefaultCssErrorHandler error
WARNING: CSS error: 'http://localhost:4567/bootstrap.css' [6703:8] Error in media list. (Invalid token "(". Was expecting one of: <S>, <IDENT>.)
May 06, 2016 10:05:50 AM com.gargoylesoftware.htmlunit.DefaultCssErrorHandler error
WARNING: CSS error: 'http://localhost:4567/bootstrap.css' [6708:8] Error in media list. (Invalid token "(". Was expecting one of: <S>, <IDENT>.)
May 06, 2016 10:05:50 AM com.gargoylesoftware.htmlunit.DefaultCssErrorHandler error
WARNING: CSS error: 'http://localhost:4567/bootstrap.css' [1299:8] Error in media list. (Invalid token "(". Was expecting one of: <S>, <IDENT>.)
May 06, 2016 10:05:50 AM com.gargoylesoftware.htmlunit.DefaultCssErrorHandler error
WARNING: CSS error: 'http://localhost:4567/bootstrap.css' [1455:8] Error in media list. (Invalid token "(". Was expecting one of: <S>, <IDENT>.)
May 06, 2016 10:05:50 AM com.gargoylesoftware.htmlunit.DefaultCssErrorHandler error
WARNING: CSS error: 'http://localhost:4567/bootstrap.css' [1591:8] Error in media list. (Invalid token "(". Was expecting one of: <S>, <IDENT>.)
May 06, 2016 10:05:50 AM com.gargoylesoftware.htmlunit.DefaultCssErrorHandler error
WARNING: CSS error: 'http://localhost:4567/bootstrap.css' [1596:8] Error in media list. (Invalid token "(". Was expecting one of: <S>, <IDENT>.)
May 06, 2016 10:05:50 AM com.gargoylesoftware.htmlunit.DefaultCssErrorHandler error
WARNING: CSS error: 'http://localhost:4567/bootstrap.css' [1601:8] Error in media list. (Invalid token "(". Was expecting one of: <S>, <IDENT>.)
May 06, 2016 10:05:50 AM com.gargoylesoftware.htmlunit.DefaultCssErrorHandler error
WARNING: CSS error: 'http://localhost:4567/bootstrap.css' [1778:8] Error in media list. (Invalid token "(". Was expecting one of: <S>, <IDENT>.)
May 06, 2016 10:05:50 AM com.gargoylesoftware.htmlunit.DefaultCssErrorHandler error
WARNING: CSS error: 'http://localhost:4567/bootstrap.css' [1936:8] Error in media list. (Invalid token "(". Was expecting one of: <S>, <IDENT>.)
May 06, 2016 10:05:50 AM com.gargoylesoftware.htmlunit.DefaultCssErrorHandler error
WARNING: CSS error: 'http://localhost:4567/bootstrap.css' [2094:8] Error in media list. (Invalid token "(". Was expecting one of: <S>, <IDENT>.)
May 06, 2016 10:05:50 AM com.gargoylesoftware.htmlunit.DefaultCssErrorHandler error
WARNING: CSS error: 'http://localhost:4567/bootstrap.css' [2447:15] Error in @media rule. (Invalid token "and". Was expecting one of: <S>, <LBRACE>, <COMMA>.)
May 06, 2016 10:05:50 AM com.gargoylesoftware.htmlunit.DefaultCssErrorHandler warning
WARNING: CSS warning: 'http://localhost:4567/bootstrap.css' [2447:15] Ignoring the whole rule.
May 06, 2016 10:05:50 AM com.gargoylesoftware.htmlunit.DefaultCssErrorHandler error
WARNING: CSS error: 'http://localhost:4567/bootstrap.css' [2605:15] Error in @media rule. (Invalid token "and". Was expecting one of: <S>, <LBRACE>, <COMMA>.)
May 06, 2016 10:05:50 AM com.gargoylesoftware.htmlunit.DefaultCssErrorHandler warning
WARNING: CSS warning: 'http://localhost:4567/bootstrap.css' [2605:15] Ignoring the whole rule.
May 06, 2016 10:05:50 AM com.gargoylesoftware.htmlunit.DefaultCssErrorHandler error
WARNING: CSS error: 'http://localhost:4567/bootstrap.css' [2917:8] Error in media list. (Invalid token "(". Was expecting one of: <S>, <IDENT>.)
May 06, 2016 10:05:50 AM com.gargoylesoftware.htmlunit.DefaultCssErrorHandler error
WARNING: CSS error: 'http://localhost:4567/bootstrap.css' [2983:8] Error in media list. (Invalid token "(". Was expecting one of: <S>, <IDENT>.)
May 06, 2016 10:05:50 AM com.gargoylesoftware.htmlunit.DefaultCssErrorHandler error
WARNING: CSS error: 'http://localhost:4567/bootstrap.css' [2993:8] Error in media list. (Invalid token "(". Was expecting one of: <S>, <IDENT>.)
May 06, 2016 10:05:50 AM com.gargoylesoftware.htmlunit.DefaultCssErrorHandler error
WARNING: CSS error: 'http://localhost:4567/bootstrap.css' [2999:8] Error in media list. (Invalid token "(". Was expecting one of: <S>, <IDENT>.)
May 06, 2016 10:05:50 AM com.gargoylesoftware.htmlunit.DefaultCssErrorHandler error
WARNING: CSS error: 'http://localhost:4567/bootstrap.css' [3589:17] Error in expression; ':' found after identifier "progid".
May 06, 2016 10:05:50 AM com.gargoylesoftware.htmlunit.DefaultCssErrorHandler error
WARNING: CSS error: 'http://localhost:4567/bootstrap.css' [3638:8] Error in media list. (Invalid token "(". Was expecting one of: <S>, <IDENT>.)
May 06, 2016 10:05:50 AM com.gargoylesoftware.htmlunit.DefaultCssErrorHandler error
WARNING: CSS error: 'http://localhost:4567/bootstrap.css' [4061:8] Error in media list. (Invalid token "(". Was expecting one of: <S>, <IDENT>.)
May 06, 2016 10:05:50 AM com.gargoylesoftware.htmlunit.DefaultCssErrorHandler error
WARNING: CSS error: 'http://localhost:4567/bootstrap.css' [4079:8] Error in media list. (Invalid token "(". Was expecting one of: <S>, <IDENT>.)
May 06, 2016 10:05:50 AM com.gargoylesoftware.htmlunit.DefaultCssErrorHandler error
WARNING: CSS error: 'http://localhost:4567/bootstrap.css' [4126:8] Error in media list. (Invalid token "(". Was expecting one of: <S>, <IDENT>.)
May 06, 2016 10:05:50 AM com.gargoylesoftware.htmlunit.DefaultCssErrorHandler error
WARNING: CSS error: 'http://localhost:4567/bootstrap.css' [4147:8] Error in media list. (Invalid token "(". Was expecting one of: <S>, <IDENT>.)
May 06, 2016 10:05:50 AM com.gargoylesoftware.htmlunit.DefaultCssErrorHandler error
WARNING: CSS error: 'http://localhost:4567/bootstrap.css' [4175:8] Error in media list. (Invalid token "(". Was expecting one of: <S>, <IDENT>.)
May 06, 2016 10:05:50 AM com.gargoylesoftware.htmlunit.DefaultCssErrorHandler error
WARNING: CSS error: 'http://localhost:4567/bootstrap.css' [4180:8] Error in media list. (Invalid token "(". Was expecting one of: <S>, <IDENT>.)
May 06, 2016 10:05:50 AM com.gargoylesoftware.htmlunit.DefaultCssErrorHandler error
WARNING: CSS error: 'http://localhost:4567/bootstrap.css' [4197:8] Error in media list. (Invalid token "(". Was expecting one of: <S>, <IDENT>.)
May 06, 2016 10:05:50 AM com.gargoylesoftware.htmlunit.DefaultCssErrorHandler error
WARNING: CSS error: 'http://localhost:4567/bootstrap.css' [4224:8] Error in media list. (Invalid token "(". Was expecting one of: <S>, <IDENT>.)
May 06, 2016 10:05:50 AM com.gargoylesoftware.htmlunit.DefaultCssErrorHandler error
WARNING: CSS error: 'http://localhost:4567/bootstrap.css' [4237:8] Error in media list. (Invalid token "(". Was expecting one of: <S>, <IDENT>.)
May 06, 2016 10:05:50 AM com.gargoylesoftware.htmlunit.DefaultCssErrorHandler error
WARNING: CSS error: 'http://localhost:4567/bootstrap.css' [4250:8] Error in media list. (Invalid token "(". Was expecting one of: <S>, <IDENT>.)
May 06, 2016 10:05:50 AM com.gargoylesoftware.htmlunit.DefaultCssErrorHandler error
WARNING: CSS error: 'http://localhost:4567/bootstrap.css' [4262:8] Error in media list. (Invalid token "(". Was expecting one of: <S>, <IDENT>.)
May 06, 2016 10:05:50 AM com.gargoylesoftware.htmlunit.DefaultCssErrorHandler error
WARNING: CSS error: 'http://localhost:4567/bootstrap.css' [4291:8] Error in media list. (Invalid token "(". Was expecting one of: <S>, <IDENT>.)
May 06, 2016 10:05:50 AM com.gargoylesoftware.htmlunit.DefaultCssErrorHandler error
WARNING: CSS error: 'http://localhost:4567/bootstrap.css' [4321:8] Error in media list. (Invalid token "(". Was expecting one of: <S>, <IDENT>.)
May 06, 2016 10:05:50 AM com.gargoylesoftware.htmlunit.DefaultCssErrorHandler error
WARNING: CSS error: 'http://localhost:4567/bootstrap.css' [4334:8] Error in media list. (Invalid token "(". Was expecting one of: <S>, <IDENT>.)
May 06, 2016 10:05:50 AM com.gargoylesoftware.htmlunit.DefaultCssErrorHandler error
WARNING: CSS error: 'http://localhost:4567/bootstrap.css' [4357:8] Error in media list. (Invalid token "(". Was expecting one of: <S>, <IDENT>.)
May 06, 2016 10:05:50 AM com.gargoylesoftware.htmlunit.DefaultCssErrorHandler error
WARNING: CSS error: 'http://localhost:4567/bootstrap.css' [4381:8] Error in media list. (Invalid token "(". Was expecting one of: <S>, <IDENT>.)
May 06, 2016 10:05:50 AM com.gargoylesoftware.htmlunit.DefaultCssErrorHandler error
WARNING: CSS error: 'http://localhost:4567/bootstrap.css' [4431:8] Error in media list. (Invalid token "(". Was expecting one of: <S>, <IDENT>.)
May 06, 2016 10:05:50 AM com.gargoylesoftware.htmlunit.DefaultCssErrorHandler error
WARNING: CSS error: 'http://localhost:4567/bootstrap.css' [4439:8] Error in media list. (Invalid token "(". Was expecting one of: <S>, <IDENT>.)
May 06, 2016 10:05:50 AM com.gargoylesoftware.htmlunit.DefaultCssErrorHandler error
WARNING: CSS error: 'http://localhost:4567/bootstrap.css' [4479:8] Error in media list. (Invalid token "(". Was expecting one of: <S>, <IDENT>.)
May 06, 2016 10:05:50 AM com.gargoylesoftware.htmlunit.DefaultCssErrorHandler error
WARNING: CSS error: 'http://localhost:4567/bootstrap.css' [4486:8] Error in media list. (Invalid token "(". Was expecting one of: <S>, <IDENT>.)
May 06, 2016 10:05:50 AM com.gargoylesoftware.htmlunit.DefaultCssErrorHandler error
WARNING: CSS error: 'http://localhost:4567/bootstrap.css' [4553:8] Error in media list. (Invalid token "(". Was expecting one of: <S>, <IDENT>.)
May 06, 2016 10:05:50 AM com.gargoylesoftware.htmlunit.DefaultCssErrorHandler error
WARNING: CSS error: 'http://localhost:4567/bootstrap.css' [4649:8] Error in media list. (Invalid token "(". Was expecting one of: <S>, <IDENT>.)
May 06, 2016 10:05:50 AM com.gargoylesoftware.htmlunit.DefaultCssErrorHandler error
WARNING: CSS error: 'http://localhost:4567/bootstrap.css' [4989:15] Error in @media rule. (Invalid token "and". Was expecting one of: <S>, <LBRACE>, <COMMA>.)
May 06, 2016 10:05:50 AM com.gargoylesoftware.htmlunit.DefaultCssErrorHandler warning
WARNING: CSS warning: 'http://localhost:4567/bootstrap.css' [4989:15] Ignoring the whole rule.
May 06, 2016 10:05:50 AM com.gargoylesoftware.htmlunit.DefaultCssErrorHandler error
WARNING: CSS error: 'http://localhost:4567/bootstrap.css' [5974:8] Error in media list. (Invalid token "(". Was expecting one of: <S>, <IDENT>.)
May 06, 2016 10:05:50 AM com.gargoylesoftware.htmlunit.DefaultCssErrorHandler error
WARNING: CSS error: 'http://localhost:4567/bootstrap.css' [5987:8] Error in media list. (Invalid token "(". Was expecting one of: <S>, <IDENT>.)
May 06, 2016 10:05:50 AM com.gargoylesoftware.htmlunit.DefaultCssErrorHandler error
WARNING: CSS error: 'http://localhost:4567/bootstrap.css' [6259:12] Error in @media rule. (Invalid token "and". Was expecting one of: <S>, <LBRACE>, <COMMA>.)
May 06, 2016 10:05:50 AM com.gargoylesoftware.htmlunit.DefaultCssErrorHandler warning
WARNING: CSS warning: 'http://localhost:4567/bootstrap.css' [6259:12] Ignoring the whole rule.
May 06, 2016 10:05:50 AM com.gargoylesoftware.htmlunit.DefaultCssErrorHandler error
WARNING: CSS error: 'http://localhost:4567/bootstrap.css' [6339:17] Error in expression; ':' found after identifier "progid".
May 06, 2016 10:05:50 AM com.gargoylesoftware.htmlunit.DefaultCssErrorHandler error
WARNING: CSS error: 'http://localhost:4567/bootstrap.css' [6349:17] Error in expression; ':' found after identifier "progid".
May 06, 2016 10:05:50 AM com.gargoylesoftware.htmlunit.DefaultCssErrorHandler error
WARNING: CSS error: 'http://localhost:4567/bootstrap.css' [6437:15] Error in @media rule. (Invalid token "and". Was expecting one of: <S>, <LBRACE>, <COMMA>.)
May 06, 2016 10:05:50 AM com.gargoylesoftware.htmlunit.DefaultCssErrorHandler warning
WARNING: CSS warning: 'http://localhost:4567/bootstrap.css' [6437:15] Ignoring the whole rule.
May 06, 2016 10:05:50 AM com.gargoylesoftware.htmlunit.DefaultCssErrorHandler error
WARNING: CSS error: 'http://localhost:4567/bootstrap.css' [6573:8] Error in media list. (Invalid token "(". Was expecting one of: <S>, <IDENT>.)
May 06, 2016 10:05:50 AM com.gargoylesoftware.htmlunit.DefaultCssErrorHandler error
WARNING: CSS error: 'http://localhost:4567/bootstrap.css' [6588:8] Error in media list. (Invalid token "(". Was expecting one of: <S>, <IDENT>.)
May 06, 2016 10:05:50 AM com.gargoylesoftware.htmlunit.DefaultCssErrorHandler error
WARNING: CSS error: 'http://localhost:4567/bootstrap.css' [6593:8] Error in media list. (Invalid token "(". Was expecting one of: <S>, <IDENT>.)
May 06, 2016 10:05:50 AM com.gargoylesoftware.htmlunit.DefaultCssErrorHandler error
WARNING: CSS error: 'http://localhost:4567/bootstrap.css' [6598:8] Error in media list. (Invalid token "(". Was expecting one of: <S>, <IDENT>.)
May 06, 2016 10:05:50 AM com.gargoylesoftware.htmlunit.DefaultCssErrorHandler error
WARNING: CSS error: 'http://localhost:4567/bootstrap.css' [6603:8] Error in media list. (Invalid token "(". Was expecting one of: <S>, <IDENT>.)
May 06, 2016 10:05:50 AM com.gargoylesoftware.htmlunit.DefaultCssErrorHandler error
WARNING: CSS error: 'http://localhost:4567/bootstrap.css' [6618:8] Error in media list. (Invalid token "(". Was expecting one of: <S>, <IDENT>.)
May 06, 2016 10:05:50 AM com.gargoylesoftware.htmlunit.DefaultCssErrorHandler error
WARNING: CSS error: 'http://localhost:4567/bootstrap.css' [6623:8] Error in media list. (Invalid token "(". Was expecting one of: <S>, <IDENT>.)
May 06, 2016 10:05:50 AM com.gargoylesoftware.htmlunit.DefaultCssErrorHandler error
WARNING: CSS error: 'http://localhost:4567/bootstrap.css' [6628:8] Error in media list. (Invalid token "(". Was expecting one of: <S>, <IDENT>.)
May 06, 2016 10:05:50 AM com.gargoylesoftware.htmlunit.DefaultCssErrorHandler error
WARNING: CSS error: 'http://localhost:4567/bootstrap.css' [6633:8] Error in media list. (Invalid token "(". Was expecting one of: <S>, <IDENT>.)
May 06, 2016 10:05:50 AM com.gargoylesoftware.htmlunit.DefaultCssErrorHandler error
WARNING: CSS error: 'http://localhost:4567/bootstrap.css' [6648:8] Error in media list. (Invalid token "(". Was expecting one of: <S>, <IDENT>.)
May 06, 2016 10:05:50 AM com.gargoylesoftware.htmlunit.DefaultCssErrorHandler error
WARNING: CSS error: 'http://localhost:4567/bootstrap.css' [6653:8] Error in media list. (Invalid token "(". Was expecting one of: <S>, <IDENT>.)
May 06, 2016 10:05:50 AM com.gargoylesoftware.htmlunit.DefaultCssErrorHandler error
WARNING: CSS error: 'http://localhost:4567/bootstrap.css' [6658:8] Error in media list. (Invalid token "(". Was expecting one of: <S>, <IDENT>.)
May 06, 2016 10:05:50 AM com.gargoylesoftware.htmlunit.DefaultCssErrorHandler error
WARNING: CSS error: 'http://localhost:4567/bootstrap.css' [6663:8] Error in media list. (Invalid token "(". Was expecting one of: <S>, <IDENT>.)
May 06, 2016 10:05:50 AM com.gargoylesoftware.htmlunit.DefaultCssErrorHandler error
WARNING: CSS error: 'http://localhost:4567/bootstrap.css' [6678:8] Error in media list. (Invalid token "(". Was expecting one of: <S>, <IDENT>.)
May 06, 2016 10:05:50 AM com.gargoylesoftware.htmlunit.DefaultCssErrorHandler error
WARNING: CSS error: 'http://localhost:4567/bootstrap.css' [6683:8] Error in media list. (Invalid token "(". Was expecting one of: <S>, <IDENT>.)
May 06, 2016 10:05:50 AM com.gargoylesoftware.htmlunit.DefaultCssErrorHandler error
WARNING: CSS error: 'http://localhost:4567/bootstrap.css' [6688:8] Error in media list. (Invalid token "(". Was expecting one of: <S>, <IDENT>.)
May 06, 2016 10:05:50 AM com.gargoylesoftware.htmlunit.DefaultCssErrorHandler error
WARNING: CSS error: 'http://localhost:4567/bootstrap.css' [6693:8] Error in media list. (Invalid token "(". Was expecting one of: <S>, <IDENT>.)
May 06, 2016 10:05:50 AM com.gargoylesoftware.htmlunit.DefaultCssErrorHandler error
WARNING: CSS error: 'http://localhost:4567/bootstrap.css' [6698:8] Error in media list. (Invalid token "(". Was expecting one of: <S>, <IDENT>.)
May 06, 2016 10:05:50 AM com.gargoylesoftware.htmlunit.DefaultCssErrorHandler error
WARNING: CSS error: 'http://localhost:4567/bootstrap.css' [6703:8] Error in media list. (Invalid token "(". Was expecting one of: <S>, <IDENT>.)
May 06, 2016 10:05:50 AM com.gargoylesoftware.htmlunit.DefaultCssErrorHandler error
WARNING: CSS error: 'http://localhost:4567/bootstrap.css' [6708:8] Error in media list. (Invalid token "(". Was expecting one of: <S>, <IDENT>.)
May 06, 2016 10:05:51 AM com.gargoylesoftware.htmlunit.DefaultCssErrorHandler error
WARNING: CSS error: 'http://localhost:4567/bootstrap.css' [1299:8] Error in media list. (Invalid token "(". Was expecting one of: <S>, <IDENT>.)
May 06, 2016 10:05:51 AM com.gargoylesoftware.htmlunit.DefaultCssErrorHandler error
WARNING: CSS error: 'http://localhost:4567/bootstrap.css' [1455:8] Error in media list. (Invalid token "(". Was expecting one of: <S>, <IDENT>.)
May 06, 2016 10:05:51 AM com.gargoylesoftware.htmlunit.DefaultCssErrorHandler error
WARNING: CSS error: 'http://localhost:4567/bootstrap.css' [1591:8] Error in media list. (Invalid token "(". Was expecting one of: <S>, <IDENT>.)
May 06, 2016 10:05:51 AM com.gargoylesoftware.htmlunit.DefaultCssErrorHandler error
WARNING: CSS error: 'http://localhost:4567/bootstrap.css' [1596:8] Error in media list. (Invalid token "(". Was expecting one of: <S>, <IDENT>.)
May 06, 2016 10:05:51 AM com.gargoylesoftware.htmlunit.DefaultCssErrorHandler error
WARNING: CSS error: 'http://localhost:4567/bootstrap.css' [1601:8] Error in media list. (Invalid token "(". Was expecting one of: <S>, <IDENT>.)
May 06, 2016 10:05:51 AM com.gargoylesoftware.htmlunit.DefaultCssErrorHandler error
WARNING: CSS error: 'http://localhost:4567/bootstrap.css' [1778:8] Error in media list. (Invalid token "(". Was expecting one of: <S>, <IDENT>.)
May 06, 2016 10:05:51 AM com.gargoylesoftware.htmlunit.DefaultCssErrorHandler error
WARNING: CSS error: 'http://localhost:4567/bootstrap.css' [1936:8] Error in media list. (Invalid token "(". Was expecting one of: <S>, <IDENT>.)
May 06, 2016 10:05:51 AM com.gargoylesoftware.htmlunit.DefaultCssErrorHandler error
WARNING: CSS error: 'http://localhost:4567/bootstrap.css' [2094:8] Error in media list. (Invalid token "(". Was expecting one of: <S>, <IDENT>.)
May 06, 2016 10:05:51 AM com.gargoylesoftware.htmlunit.DefaultCssErrorHandler error
WARNING: CSS error: 'http://localhost:4567/bootstrap.css' [2447:15] Error in @media rule. (Invalid token "and". Was expecting one of: <S>, <LBRACE>, <COMMA>.)
May 06, 2016 10:05:51 AM com.gargoylesoftware.htmlunit.DefaultCssErrorHandler warning
WARNING: CSS warning: 'http://localhost:4567/bootstrap.css' [2447:15] Ignoring the whole rule.
May 06, 2016 10:05:51 AM com.gargoylesoftware.htmlunit.DefaultCssErrorHandler error
WARNING: CSS error: 'http://localhost:4567/bootstrap.css' [2605:15] Error in @media rule. (Invalid token "and". Was expecting one of: <S>, <LBRACE>, <COMMA>.)
May 06, 2016 10:05:51 AM com.gargoylesoftware.htmlunit.DefaultCssErrorHandler warning
WARNING: CSS warning: 'http://localhost:4567/bootstrap.css' [2605:15] Ignoring the whole rule.
May 06, 2016 10:05:51 AM com.gargoylesoftware.htmlunit.DefaultCssErrorHandler error
WARNING: CSS error: 'http://localhost:4567/bootstrap.css' [2917:8] Error in media list. (Invalid token "(". Was expecting one of: <S>, <IDENT>.)
May 06, 2016 10:05:51 AM com.gargoylesoftware.htmlunit.DefaultCssErrorHandler error
WARNING: CSS error: 'http://localhost:4567/bootstrap.css' [2983:8] Error in media list. (Invalid token "(". Was expecting one of: <S>, <IDENT>.)
May 06, 2016 10:05:51 AM com.gargoylesoftware.htmlunit.DefaultCssErrorHandler error
WARNING: CSS error: 'http://localhost:4567/bootstrap.css' [2993:8] Error in media list. (Invalid token "(". Was expecting one of: <S>, <IDENT>.)
May 06, 2016 10:05:51 AM com.gargoylesoftware.htmlunit.DefaultCssErrorHandler error
WARNING: CSS error: 'http://localhost:4567/bootstrap.css' [2999:8] Error in media list. (Invalid token "(". Was expecting one of: <S>, <IDENT>.)
May 06, 2016 10:05:51 AM com.gargoylesoftware.htmlunit.DefaultCssErrorHandler error
WARNING: CSS error: 'http://localhost:4567/bootstrap.css' [3589:17] Error in expression; ':' found after identifier "progid".
[...]
May 06, 2016 10:05:51 AM com.gargoylesoftware.htmlunit.DefaultCssErrorHandler error
WARNING: CSS error: 'http://localhost:4567/bootstrap.css' [6598:8] Error in media list. (Invalid token "(". Was expecting one of: <S>, <IDENT>.)
May 06, 2016 10:05:51 AM com.gargoylesoftware.htmlunit.DefaultCssErrorHandler error
WARNING: CSS error: 'http://localhost:4567/bootstrap.css' [6603:8] Error in media list. (Invalid token "(". Was expecting one of: <S>, <IDENT>.)
May 06, 2016 10:05:51 AM com.gargoylesoftware.htmlunit.DefaultCssErrorHandler error
WARNING: CSS error: 'http://localhost:4567/bootstrap.css' [6618:8] Error in media list. (Invalid token "(". Was expecting one of: <S>, <IDENT>.)
May 06, 2016 10:05:51 AM com.gargoylesoftware.htmlunit.DefaultCssErrorHandler error
WARNING: CSS error: 'http://localhost:4567/bootstrap.css' [6623:8] Error in media list. (Invalid token "(". Was expecting one of: <S>, <IDENT>.)
May 06, 2016 10:05:51 AM com.gargoylesoftware.htmlunit.DefaultCssErrorHandler error
WARNING: CSS error: 'http://localhost:4567/bootstrap.css' [6628:8] Error in media list. (Invalid token "(". Was expecting one of: <S>, <IDENT>.)
May 06, 2016 10:05:51 AM com.gargoylesoftware.htmlunit.DefaultCssErrorHandler error
WARNING: CSS error: 'http://localhost:4567/bootstrap.css' [6633:8] Error in media list. (Invalid token "(". Was expecting one of: <S>, <IDENT>.)
May 06, 2016 10:05:51 AM com.gargoylesoftware.htmlunit.DefaultCssErrorHandler error
WARNING: CSS error: 'http://localhost:4567/bootstrap.css' [6648:8] Error in media list. (Invalid token "(". Was expecting one of: <S>, <IDENT>.)
May 06, 2016 10:05:51 AM com.gargoylesoftware.htmlunit.DefaultCssErrorHandler error
WARNING: CSS error: 'http://localhost:4567/bootstrap.css' [6653:8] Error in media list. (Invalid token "(". Was expecting one of: <S>, <IDENT>.)
May 06, 2016 10:05:51 AM com.gargoylesoftware.htmlunit.DefaultCssErrorHandler error
WARNING: CSS error: 'http://localhost:4567/bootstrap.css' [6658:8] Error in media list. (Invalid token "(". Was expecting one of: <S>, <IDENT>.)
May 06, 2016 10:05:51 AM com.gargoylesoftware.htmlunit.DefaultCssErrorHandler error
WARNING: CSS error: 'http://localhost:4567/bootstrap.css' [6663:8] Error in media list. (Invalid token "(". Was expecting one of: <S>, <IDENT>.)
May 06, 2016 10:05:51 AM com.gargoylesoftware.htmlunit.DefaultCssErrorHandler error
WARNING: CSS error: 'http://localhost:4567/bootstrap.css' [6678:8] Error in media list. (Invalid token "(". Was expecting one of: <S>, <IDENT>.)
May 06, 2016 10:05:51 AM com.gargoylesoftware.htmlunit.DefaultCssErrorHandler error
WARNING: CSS error: 'http://localhost:4567/bootstrap.css' [6683:8] Error in media list. (Invalid token "(". Was expecting one of: <S>, <IDENT>.)
May 06, 2016 10:05:51 AM com.gargoylesoftware.htmlunit.DefaultCssErrorHandler error
WARNING: CSS error: 'http://localhost:4567/bootstrap.css' [6688:8] Error in media list. (Invalid token "(". Was expecting one of: <S>, <IDENT>.)
May 06, 2016 10:05:51 AM com.gargoylesoftware.htmlunit.DefaultCssErrorHandler error
WARNING: CSS error: 'http://localhost:4567/bootstrap.css' [6693:8] Error in media list. (Invalid token "(". Was expecting one of: <S>, <IDENT>.)
May 06, 2016 10:05:51 AM com.gargoylesoftware.htmlunit.DefaultCssErrorHandler error
WARNING: CSS error: 'http://localhost:4567/bootstrap.css' [6698:8] Error in media list. (Invalid token "(". Was expecting one of: <S>, <IDENT>.)
May 06, 2016 10:05:51 AM com.gargoylesoftware.htmlunit.DefaultCssErrorHandler error
WARNING: CSS error: 'http://localhost:4567/bootstrap.css' [6703:8] Error in media list. (Invalid token "(". Was expecting one of: <S>, <IDENT>.)
May 06, 2016 10:05:51 AM com.gargoylesoftware.htmlunit.DefaultCssErrorHandler error
WARNING: CSS error: 'http://localhost:4567/bootstrap.css' [6708:8] Error in media list. (Invalid token "(". Was expecting one of: <S>, <IDENT>.)
May 06, 2016 10:05:51 AM com.gargoylesoftware.htmlunit.DefaultCssErrorHandler error
WARNING: CSS error: 'http://localhost:4567/bootstrap.css' [1299:8] Error in media list. (Invalid token "(". Was expecting one of: <S>, <IDENT>.)
May 06, 2016 10:05:51 AM com.gargoylesoftware.htmlunit.DefaultCssErrorHandler error
WARNING: CSS error: 'http://localhost:4567/bootstrap.css' [1455:8] Error in media list. (Invalid token "(". Was expecting one of: <S>, <IDENT>.)
May 06, 2016 10:05:51 AM com.gargoylesoftware.htmlunit.DefaultCssErrorHandler error
WARNING: CSS error: 'http://localhost:4567/bootstrap.css' [1591:8] Error in media list. (Invalid token "(". Was expecting one of: <S>, <IDENT>.)
May 06, 2016 10:05:51 AM com.gargoylesoftware.htmlunit.DefaultCssErrorHandler error
WARNING: CSS error: 'http://localhost:4567/bootstrap.css' [1596:8] Error in media list. (Invalid token "(". Was expecting one of: <S>, <IDENT>.)
May 06, 2016 10:05:51 AM com.gargoylesoftware.htmlunit.DefaultCssErrorHandler error
WARNING: CSS error: 'http://localhost:4567/bootstrap.css' [1601:8] Error in media list. (Invalid token "(". Was expecting one of: <S>, <IDENT>.)
May 06, 2016 10:05:51 AM com.gargoylesoftware.htmlunit.DefaultCssErrorHandler error
WARNING: CSS error: 'http://localhost:4567/bootstrap.css' [1778:8] Error in media list. (Invalid token "(". Was expecting one of: <S>, <IDENT>.)
May 06, 2016 10:05:51 AM com.gargoylesoftware.htmlunit.DefaultCssErrorHandler error
WARNING: CSS error: 'http://localhost:4567/bootstrap.css' [1936:8] Error in media list. (Invalid token "(". Was expecting one of: <S>, <IDENT>.)
May 06, 2016 10:05:51 AM com.gargoylesoftware.htmlunit.DefaultCssErrorHandler error
WARNING: CSS error: 'http://localhost:4567/bootstrap.css' [2094:8] Error in media list. (Invalid token "(". Was expecting one of: <S>, <IDENT>.)
May 06, 2016 10:05:51 AM com.gargoylesoftware.htmlunit.DefaultCssErrorHandler error
WARNING: CSS error: 'http://localhost:4567/bootstrap.css' [2447:15] Error in @media rule. (Invalid token "and". Was expecting one of: <S>, <LBRACE>, <COMMA>.)
May 06, 2016 10:05:51 AM com.gargoylesoftware.htmlunit.DefaultCssErrorHandler warning
WARNING: CSS warning: 'http://localhost:4567/bootstrap.css' [2447:15] Ignoring the whole rule.
May 06, 2016 10:05:51 AM com.gargoylesoftware.htmlunit.DefaultCssErrorHandler error
WARNING: CSS error: 'http://localhost:4567/bootstrap.css' [2605:15] Error in @media rule. (Invalid token "and". Was expecting one of: <S>, <LBRACE>, <COMMA>.)
May 06, 2016 10:05:51 AM com.gargoylesoftware.htmlunit.DefaultCssErrorHandler warning
WARNING: CSS warning: 'http://localhost:4567/bootstrap.css' [2605:15] Ignoring the whole rule.
May 06, 2016 10:05:51 AM com.gargoylesoftware.htmlunit.DefaultCssErrorHandler error
WARNING: CSS error: 'http://localhost:4567/bootstrap.css' [2917:8] Error in media list. (Invalid token "(". Was expecting one of: <S>, <IDENT>.)
May 06, 2016 10:05:51 AM com.gargoylesoftware.htmlunit.DefaultCssErrorHandler error
WARNING: CSS error: 'http://localhost:4567/bootstrap.css' [2983:8] Error in media list. (Invalid token "(". Was expecting one of: <S>, <IDENT>.)
May 06, 2016 10:05:51 AM com.gargoylesoftware.htmlunit.DefaultCssErrorHandler error
WARNING: CSS error: 'http://localhost:4567/bootstrap.css' [2993:8] Error in media list. (Invalid token "(". Was expecting one of: <S>, <IDENT>.)
May 06, 2016 10:05:51 AM com.gargoylesoftware.htmlunit.DefaultCssErrorHandler error
WARNING: CSS error: 'http://localhost:4567/bootstrap.css' [2999:8] Error in media list. (Invalid token "(". Was expecting one of: <S>, <IDENT>.)
May 06, 2016 10:05:51 AM com.gargoylesoftware.htmlunit.DefaultCssErrorHandler error
WARNING: CSS error: 'http://localhost:4567/bootstrap.css' [3589:17] Error in expression; ':' found after identifier "progid".
May 06, 2016 10:05:51 AM com.gargoylesoftware.htmlunit.DefaultCssErrorHandler error
WARNING: CSS error: 'http://localhost:4567/bootstrap.css' [3638:8] Error in media list. (Invalid token "(". Was expecting one of: <S>, <IDENT>.)
May 06, 2016 10:05:51 AM com.gargoylesoftware.htmlunit.DefaultCssErrorHandler error
WARNING: CSS error: 'http://localhost:4567/bootstrap.css' [4061:8] Error in media list. (Invalid token "(". Was expecting one of: <S>, <IDENT>.)
May 06, 2016 10:05:51 AM com.gargoylesoftware.htmlunit.DefaultCssErrorHandler error
WARNING: CSS error: 'http://localhost:4567/bootstrap.css' [4079:8] Error in media list. (Invalid token "(". Was expecting one of: <S>, <IDENT>.)
May 06, 2016 10:05:51 AM com.gargoylesoftware.htmlunit.DefaultCssErrorHandler error
WARNING: CSS error: 'http://localhost:4567/bootstrap.css' [4126:8] Error in media list. (Invalid token "(". Was expecting one of: <S>, <IDENT>.)
May 06, 2016 10:05:51 AM com.gargoylesoftware.htmlunit.DefaultCssErrorHandler error
WARNING: CSS error: 'http://localhost:4567/bootstrap.css' [4147:8] Error in media list. (Invalid token "(". Was expecting one of: <S>, <IDENT>.)
May 06, 2016 10:05:51 AM com.gargoylesoftware.htmlunit.DefaultCssErrorHandler error
WARNING: CSS error: 'http://localhost:4567/bootstrap.css' [4175:8] Error in media list. (Invalid token "(". Was expecting one of: <S>, <IDENT>.)
May 06, 2016 10:05:51 AM com.gargoylesoftware.htmlunit.DefaultCssErrorHandler error
WARNING: CSS error: 'http://localhost:4567/bootstrap.css' [4180:8] Error in media list. (Invalid token "(". Was expecting one of: <S>, <IDENT>.)
May 06, 2016 10:05:51 AM com.gargoylesoftware.htmlunit.DefaultCssErrorHandler error
WARNING: CSS error: 'http://localhost:4567/bootstrap.css' [4197:8] Error in media list. (Invalid token "(". Was expecting one of: <S>, <IDENT>.)
May 06, 2016 10:05:51 AM com.gargoylesoftware.htmlunit.DefaultCssErrorHandler error
WARNING: CSS error: 'http://localhost:4567/bootstrap.css' [4224:8] Error in media list. (Invalid token "(". Was expecting one of: <S>, <IDENT>.)
May 06, 2016 10:05:51 AM com.gargoylesoftware.htmlunit.DefaultCssErrorHandler error
WARNING: CSS error: 'http://localhost:4567/bootstrap.css' [4237:8] Error in media list. (Invalid token "(". Was expecting one of: <S>, <IDENT>.)
May 06, 2016 10:05:51 AM com.gargoylesoftware.htmlunit.DefaultCssErrorHandler error
WARNING: CSS error: 'http://localhost:4567/bootstrap.css' [4250:8] Error in media list. (Invalid token "(". Was expecting one of: <S>, <IDENT>.)
May 06, 2016 10:05:51 AM com.gargoylesoftware.htmlunit.DefaultCssErrorHandler error
WARNING: CSS error: 'http://localhost:4567/bootstrap.css' [4262:8] Error in media list. (Invalid token "(". Was expecting one of: <S>, <IDENT>.)
May 06, 2016 10:05:51 AM com.gargoylesoftware.htmlunit.DefaultCssErrorHandler error
WARNING: CSS error: 'http://localhost:4567/bootstrap.css' [4291:8] Error in media list. (Invalid token "(". Was expecting one of: <S>, <IDENT>.)
May 06, 2016 10:05:51 AM com.gargoylesoftware.htmlunit.DefaultCssErrorHandler error
WARNING: CSS error: 'http://localhost:4567/bootstrap.css' [4321:8] Error in media list. (Invalid token "(". Was expecting one of: <S>, <IDENT>.)
May 06, 2016 10:05:51 AM com.gargoylesoftware.htmlunit.DefaultCssErrorHandler error
WARNING: CSS error: 'http://localhost:4567/bootstrap.css' [4334:8] Error in media list. (Invalid token "(". Was expecting one of: <S>, <IDENT>.)
May 06, 2016 10:05:51 AM com.gargoylesoftware.htmlunit.DefaultCssErrorHandler error
WARNING: CSS error: 'http://localhost:4567/bootstrap.css' [4357:8] Error in media list. (Invalid token "(". Was expecting one of: <S>, <IDENT>.)
May 06, 2016 10:05:51 AM com.gargoylesoftware.htmlunit.DefaultCssErrorHandler error
WARNING: CSS error: 'http://localhost:4567/bootstrap.css' [4381:8] Error in media list. (Invalid token "(". Was expecting one of: <S>, <IDENT>.)
May 06, 2016 10:05:51 AM com.gargoylesoftware.htmlunit.DefaultCssErrorHandler error
WARNING: CSS error: 'http://localhost:4567/bootstrap.css' [4431:8] Error in media list. (Invalid token "(". Was expecting one of: <S>, <IDENT>.)
May 06, 2016 10:05:51 AM com.gargoylesoftware.htmlunit.DefaultCssErrorHandler error
WARNING: CSS error: 'http://localhost:4567/bootstrap.css' [4439:8] Error in media list. (Invalid token "(". Was expecting one of: <S>, <IDENT>.)
May 06, 2016 10:05:51 AM com.gargoylesoftware.htmlunit.DefaultCssErrorHandler error
WARNING: CSS error: 'http://localhost:4567/bootstrap.css' [4479:8] Error in media list. (Invalid token "(". Was expecting one of: <S>, <IDENT>.)
May 06, 2016 10:05:51 AM com.gargoylesoftware.htmlunit.DefaultCssErrorHandler error
WARNING: CSS error: 'http://localhost:4567/bootstrap.css' [4486:8] Error in media list. (Invalid token "(". Was expecting one of: <S>, <IDENT>.)
May 06, 2016 10:05:51 AM com.gargoylesoftware.htmlunit.DefaultCssErrorHandler error
WARNING: CSS error: 'http://localhost:4567/bootstrap.css' [4553:8] Error in media list. (Invalid token "(". Was expecting one of: <S>, <IDENT>.)
May 06, 2016 10:05:51 AM com.gargoylesoftware.htmlunit.DefaultCssErrorHandler error
WARNING: CSS error: 'http://localhost:4567/bootstrap.css' [4649:8] Error in media list. (Invalid token "(". Was expecting one of: <S>, <IDENT>.)
May 06, 2016 10:05:51 AM com.gargoylesoftware.htmlunit.DefaultCssErrorHandler error
WARNING: CSS error: 'http://localhost:4567/bootstrap.css' [4989:15] Error in @media rule. (Invalid token "and". Was expecting one of: <S>, <LBRACE>, <COMMA>.)
May 06, 2016 10:05:51 AM com.gargoylesoftware.htmlunit.DefaultCssErrorHandler warning
WARNING: CSS warning: 'http://localhost:4567/bootstrap.css' [4989:15] Ignoring the whole rule.
May 06, 2016 10:05:51 AM com.gargoylesoftware.htmlunit.DefaultCssErrorHandler error
WARNING: CSS error: 'http://localhost:4567/bootstrap.css' [5974:8] Error in media list. (Invalid token "(". Was expecting one of: <S>, <IDENT>.)
May 06, 2016 10:05:51 AM com.gargoylesoftware.htmlunit.DefaultCssErrorHandler error
WARNING: CSS error: 'http://localhost:4567/bootstrap.css' [5987:8] Error in media list. (Invalid token "(". Was expecting one of: <S>, <IDENT>.)
May 06, 2016 10:05:51 AM com.gargoylesoftware.htmlunit.DefaultCssErrorHandler error
WARNING: CSS error: 'http://localhost:4567/bootstrap.css' [6259:12] Error in @media rule. (Invalid token "and". Was expecting one of: <S>, <LBRACE>, <COMMA>.)
May 06, 2016 10:05:51 AM com.gargoylesoftware.htmlunit.DefaultCssErrorHandler warning
WARNING: CSS warning: 'http://localhost:4567/bootstrap.css' [6259:12] Ignoring the whole rule.
May 06, 2016 10:05:51 AM com.gargoylesoftware.htmlunit.DefaultCssErrorHandler error
WARNING: CSS error: 'http://localhost:4567/bootstrap.css' [6339:17] Error in expression; ':' found after identifier "progid".
May 06, 2016 10:05:51 AM com.gargoylesoftware.htmlunit.DefaultCssErrorHandler error
WARNING: CSS error: 'http://localhost:4567/bootstrap.css' [6349:17] Error in expression; ':' found after identifier "progid".
May 06, 2016 10:05:51 AM com.gargoylesoftware.htmlunit.DefaultCssErrorHandler error
WARNING: CSS error: 'http://localhost:4567/bootstrap.css' [6437:15] Error in @media rule. (Invalid token "and". Was expecting one of: <S>, <LBRACE>, <COMMA>.)
May 06, 2016 10:05:51 AM com.gargoylesoftware.htmlunit.DefaultCssErrorHandler warning
WARNING: CSS warning: 'http://localhost:4567/bootstrap.css' [6437:15] Ignoring the whole rule.
May 06, 2016 10:05:51 AM com.gargoylesoftware.htmlunit.DefaultCssErrorHandler error
WARNING: CSS error: 'http://localhost:4567/bootstrap.css' [6573:8] Error in media list. (Invalid token "(". Was expecting one of: <S>, <IDENT>.)
May 06, 2016 10:05:51 AM com.gargoylesoftware.htmlunit.DefaultCssErrorHandler error
WARNING: CSS error: 'http://localhost:4567/bootstrap.css' [6588:8] Error in media list. (Invalid token "(". Was expecting one of: <S>, <IDENT>.)
May 06, 2016 10:05:51 AM com.gargoylesoftware.htmlunit.DefaultCssErrorHandler error
WARNING: CSS error: 'http://localhost:4567/bootstrap.css' [6593:8] Error in media list. (Invalid token "(". Was expecting one of: <S>, <IDENT>.)
May 06, 2016 10:05:51 AM com.gargoylesoftware.htmlunit.DefaultCssErrorHandler error
WARNING: CSS error: 'http://localhost:4567/bootstrap.css' [6598:8] Error in media list. (Invalid token "(". Was expecting one of: <S>, <IDENT>.)
May 06, 2016 10:05:51 AM com.gargoylesoftware.htmlunit.DefaultCssErrorHandler error
WARNING: CSS error: 'http://localhost:4567/bootstrap.css' [6603:8] Error in media list. (Invalid token "(". Was expecting one of: <S>, <IDENT>.)
May 06, 2016 10:05:51 AM com.gargoylesoftware.htmlunit.DefaultCssErrorHandler error
WARNING: CSS error: 'http://localhost:4567/bootstrap.css' [6618:8] Error in media list. (Invalid token "(". Was expecting one of: <S>, <IDENT>.)
May 06, 2016 10:05:51 AM com.gargoylesoftware.htmlunit.DefaultCssErrorHandler error
WARNING: CSS error: 'http://localhost:4567/bootstrap.css' [6623:8] Error in media list. (Invalid token "(". Was expecting one of: <S>, <IDENT>.)
May 06, 2016 10:05:51 AM com.gargoylesoftware.htmlunit.DefaultCssErrorHandler error
WARNING: CSS error: 'http://localhost:4567/bootstrap.css' [6628:8] Error in media list. (Invalid token "(". Was expecting one of: <S>, <IDENT>.)
May 06, 2016 10:05:51 AM com.gargoylesoftware.htmlunit.DefaultCssErrorHandler error
WARNING: CSS error: 'http://localhost:4567/bootstrap.css' [6633:8] Error in media list. (Invalid token "(". Was expecting one of: <S>, <IDENT>.)
May 06, 2016 10:05:51 AM com.gargoylesoftware.htmlunit.DefaultCssErrorHandler error
WARNING: CSS error: 'http://localhost:4567/bootstrap.css' [6648:8] Error in media list. (Invalid token "(". Was expecting one of: <S>, <IDENT>.)
May 06, 2016 10:05:51 AM com.gargoylesoftware.htmlunit.DefaultCssErrorHandler error
WARNING: CSS error: 'http://localhost:4567/bootstrap.css' [6653:8] Error in media list. (Invalid token "(". Was expecting one of: <S>, <IDENT>.)
May 06, 2016 10:05:51 AM com.gargoylesoftware.htmlunit.DefaultCssErrorHandler error
WARNING: CSS error: 'http://localhost:4567/bootstrap.css' [6658:8] Error in media list. (Invalid token "(". Was expecting one of: <S>, <IDENT>.)
May 06, 2016 10:05:51 AM com.gargoylesoftware.htmlunit.DefaultCssErrorHandler error
WARNING: CSS error: 'http://localhost:4567/bootstrap.css' [6663:8] Error in media list. (Invalid token "(". Was expecting one of: <S>, <IDENT>.)
May 06, 2016 10:05:51 AM com.gargoylesoftware.htmlunit.DefaultCssErrorHandler error
WARNING: CSS error: 'http://localhost:4567/bootstrap.css' [6678:8] Error in media list. (Invalid token "(". Was expecting one of: <S>, <IDENT>.)
May 06, 2016 10:05:51 AM com.gargoylesoftware.htmlunit.DefaultCssErrorHandler error
WARNING: CSS error: 'http://localhost:4567/bootstrap.css' [6683:8] Error in media list. (Invalid token "(". Was expecting one of: <S>, <IDENT>.)
May 06, 2016 10:05:51 AM com.gargoylesoftware.htmlunit.DefaultCssErrorHandler error
WARNING: CSS error: 'http://localhost:4567/bootstrap.css' [6688:8] Error in media list. (Invalid token "(". Was expecting one of: <S>, <IDENT>.)
May 06, 2016 10:05:51 AM com.gargoylesoftware.htmlunit.DefaultCssErrorHandler error
WARNING: CSS error: 'http://localhost:4567/bootstrap.css' [6693:8] Error in media list. (Invalid token "(". Was expecting one of: <S>, <IDENT>.)
May 06, 2016 10:05:51 AM com.gargoylesoftware.htmlunit.DefaultCssErrorHandler error
WARNING: CSS error: 'http://localhost:4567/bootstrap.css' [6698:8] Error in media list. (Invalid token "(". Was expecting one of: <S>, <IDENT>.)
May 06, 2016 10:05:51 AM com.gargoylesoftware.htmlunit.DefaultCssErrorHandler error
WARNING: CSS error: 'http://localhost:4567/bootstrap.css' [6703:8] Error in media list. (Invalid token "(". Was expecting one of: <S>, <IDENT>.)
May 06, 2016 10:05:51 AM com.gargoylesoftware.htmlunit.DefaultCssErrorHandler error
WARNING: CSS error: 'http://localhost:4567/bootstrap.css' [6708:8] Error in media list. (Invalid token "(". Was expecting one of: <S>, <IDENT>.)
[Test worker] INFO spark.webserver.JettySparkServer - >>> Spark shutting down ...
[Test worker] INFO org.eclipse.jetty.server.ServerConnector - Stopped ServerConnector@4a5e83f6{HTTP/1.1,[http/1.1]}{0.0.0.0:4567}
[Test worker] INFO spark.webserver.JettySparkServer - done
]]></system-err>
</testsuite>
